{"/home/travis/build/npmtest/node-npmtest-falcor/test.js":{"path":"/home/travis/build/npmtest/node-npmtest-falcor/test.js","s":{"1":2,"2":2,"3":2,"4":2,"5":2,"6":2,"7":2,"8":1,"9":2,"10":2,"11":1,"12":1,"13":1,"14":1,"15":2,"16":2,"17":2,"18":2,"19":1,"20":1,"21":2,"22":2,"23":2,"24":1,"25":1,"26":1,"27":1,"28":1,"29":1,"30":1,"31":1,"32":1,"33":1,"34":1,"35":1,"36":1,"37":1,"38":1,"39":2,"40":2,"41":1,"42":2,"43":2,"44":1,"45":2,"46":2,"47":1,"48":2,"49":2,"50":1,"51":1,"52":1,"53":1,"54":1},"b":{"1":[2,1,1,1],"2":[1,1,1,1],"3":[1,1],"4":[1,1],"5":[1,1],"6":[1,1],"7":[1,1],"8":[1,1],"9":[1,1],"10":[1,1,1],"11":[1,1],"12":[1,1],"13":[1,1],"14":[1,1],"15":[1,1],"16":[1,1],"17":[1,1]},"f":{"1":2,"2":2,"3":2,"4":2,"5":2,"6":1,"7":1,"8":1,"9":2,"10":2,"11":2,"12":2,"13":1},"fnMap":{"1":{"name":"(anonymous_1)","line":12,"loc":{"start":{"line":12,"column":1},"end":{"line":12,"column":13}}},"2":{"name":"(anonymous_2)","line":19,"loc":{"start":{"line":19,"column":5},"end":{"line":19,"column":17}}},"3":{"name":"(anonymous_3)","line":23,"loc":{"start":{"line":23,"column":24},"end":{"line":23,"column":36}}},"4":{"name":"(anonymous_4)","line":61,"loc":{"start":{"line":61,"column":5},"end":{"line":61,"column":17}}},"5":{"name":"(anonymous_5)","line":82,"loc":{"start":{"line":82,"column":5},"end":{"line":82,"column":17}}},"6":{"name":"(anonymous_6)","line":91,"loc":{"start":{"line":91,"column":77},"end":{"line":94,"column":10}}},"7":{"name":"(anonymous_7)","line":112,"loc":{"start":{"line":112,"column":83},"end":{"line":115,"column":10}},"skip":true},"8":{"name":"(anonymous_8)","line":123,"loc":{"start":{"line":123,"column":77},"end":{"line":126,"column":10}},"skip":true},"9":{"name":"(anonymous_9)","line":139,"loc":{"start":{"line":139,"column":12},"end":{"line":139,"column":40}},"skip":true},"10":{"name":"(anonymous_10)","line":147,"loc":{"start":{"line":147,"column":77},"end":{"line":150,"column":10}},"skip":true},"11":{"name":"(anonymous_11)","line":158,"loc":{"start":{"line":158,"column":83},"end":{"line":161,"column":10}},"skip":true},"12":{"name":"(anonymous_12)","line":169,"loc":{"start":{"line":169,"column":79},"end":{"line":172,"column":10}},"skip":true},"13":{"name":"(anonymous_13)","line":180,"loc":{"start":{"line":180,"column":75},"end":{"line":183,"column":10}},"skip":true}},"statementMap":{"1":{"start":{"line":12,"column":0},"end":{"line":195,"column":5}},"2":{"start":{"line":14,"column":4},"end":{"line":14,"column":14}},"3":{"start":{"line":19,"column":4},"end":{"line":56,"column":9}},"4":{"start":{"line":21,"column":8},"end":{"line":21,"column":19}},"5":{"start":{"line":23,"column":8},"end":{"line":35,"column":13}},"6":{"start":{"line":24,"column":12},"end":{"line":34,"column":13}},"7":{"start":{"line":25,"column":16},"end":{"line":28,"column":30}},"8":{"start":{"line":30,"column":16},"end":{"line":33,"column":27}},"9":{"start":{"line":37,"column":8},"end":{"line":39,"column":21}},"10":{"start":{"line":40,"column":8},"end":{"line":53,"column":9}},"11":{"start":{"line":43,"column":12},"end":{"line":46,"column":14}},"12":{"start":{"line":47,"column":12},"end":{"line":47,"column":18}},"13":{"start":{"line":50,"column":12},"end":{"line":51,"column":46}},"14":{"start":{"line":52,"column":12},"end":{"line":52,"column":18}},"15":{"start":{"line":55,"column":8},"end":{"line":55,"column":35}},"16":{"start":{"line":61,"column":4},"end":{"line":63,"column":9}},"17":{"start":{"line":62,"column":8},"end":{"line":62,"column":15}},"18":{"start":{"line":64,"column":4},"end":{"line":77,"column":5}},"19":{"start":{"line":70,"column":8},"end":{"line":70,"column":14}},"20":{"start":{"line":76,"column":8},"end":{"line":76,"column":14}},"21":{"start":{"line":82,"column":4},"end":{"line":84,"column":9}},"22":{"start":{"line":83,"column":8},"end":{"line":83,"column":15}},"23":{"start":{"line":85,"column":4},"end":{"line":194,"column":5}},"24":{"start":{"line":91,"column":8},"end":{"line":99,"column":10}},"25":{"start":{"line":98,"column":12},"end":{"line":98,"column":35}},"26":{"start":{"line":102,"column":8},"end":{"line":104,"column":63}},"27":{"start":{"line":105,"column":8},"end":{"line":105,"column":14}},"28":{"start":{"line":112,"column":8},"end":{"line":121,"column":10},"skip":true},"29":{"start":{"line":119,"column":12},"end":{"line":119,"column":55},"skip":true},"30":{"start":{"line":120,"column":12},"end":{"line":120,"column":48},"skip":true},"31":{"start":{"line":123,"column":8},"end":{"line":136,"column":10},"skip":true},"32":{"start":{"line":130,"column":12},"end":{"line":130,"column":76},"skip":true},"33":{"start":{"line":131,"column":12},"end":{"line":131,"column":73},"skip":true},"34":{"start":{"line":132,"column":12},"end":{"line":132,"column":74},"skip":true},"35":{"start":{"line":133,"column":12},"end":{"line":133,"column":79},"skip":true},"36":{"start":{"line":134,"column":12},"end":{"line":134,"column":25},"skip":true},"37":{"start":{"line":135,"column":12},"end":{"line":135,"column":45},"skip":true},"38":{"start":{"line":138,"column":8},"end":{"line":145,"column":14},"skip":true},"39":{"start":{"line":143,"column":16},"end":{"line":143,"column":29},"skip":true},"40":{"start":{"line":144,"column":16},"end":{"line":144,"column":55},"skip":true},"41":{"start":{"line":147,"column":8},"end":{"line":156,"column":10},"skip":true},"42":{"start":{"line":154,"column":12},"end":{"line":154,"column":25},"skip":true},"43":{"start":{"line":155,"column":12},"end":{"line":155,"column":45},"skip":true},"44":{"start":{"line":158,"column":8},"end":{"line":167,"column":10},"skip":true},"45":{"start":{"line":165,"column":12},"end":{"line":165,"column":25},"skip":true},"46":{"start":{"line":166,"column":12},"end":{"line":166,"column":48},"skip":true},"47":{"start":{"line":169,"column":8},"end":{"line":178,"column":10},"skip":true},"48":{"start":{"line":176,"column":12},"end":{"line":176,"column":25},"skip":true},"49":{"start":{"line":177,"column":12},"end":{"line":177,"column":46},"skip":true},"50":{"start":{"line":180,"column":8},"end":{"line":189,"column":10},"skip":true},"51":{"start":{"line":187,"column":12},"end":{"line":187,"column":94},"skip":true},"52":{"start":{"line":188,"column":12},"end":{"line":188,"column":48},"skip":true},"53":{"start":{"line":192,"column":8},"end":{"line":192,"column":35},"skip":true},"54":{"start":{"line":193,"column":8},"end":{"line":193,"column":14},"skip":true}},"branchMap":{"1":{"line":25,"type":"binary-expr","locations":[{"start":{"line":25,"column":23},"end":{"line":25,"column":62}},{"start":{"line":26,"column":20},"end":{"line":26,"column":70}},{"start":{"line":27,"column":20},"end":{"line":27,"column":71}},{"start":{"line":28,"column":20},"end":{"line":28,"column":29}}]},"2":{"line":30,"type":"binary-expr","locations":[{"start":{"line":30,"column":23},"end":{"line":30,"column":37}},{"start":{"line":31,"column":20},"end":{"line":31,"column":61}},{"start":{"line":32,"column":20},"end":{"line":32,"column":70}},{"start":{"line":33,"column":20},"end":{"line":33,"column":26}}]},"3":{"line":37,"type":"cond-expr","locations":[{"start":{"line":38,"column":14},"end":{"line":38,"column":20}},{"start":{"line":39,"column":14},"end":{"line":39,"column":20}}]},"4":{"line":40,"type":"switch","locations":[{"start":{"line":42,"column":8},"end":{"line":47,"column":18}},{"start":{"line":49,"column":8},"end":{"line":52,"column":18}}]},"5":{"line":44,"type":"binary-expr","locations":[{"start":{"line":44,"column":16},"end":{"line":44,"column":44}},{"start":{"line":44,"column":48},"end":{"line":44,"column":66}}]},"6":{"line":50,"type":"binary-expr","locations":[{"start":{"line":50,"column":21},"end":{"line":50,"column":49}},{"start":{"line":50,"column":53},"end":{"line":50,"column":72}}]},"7":{"line":64,"type":"switch","locations":[{"start":{"line":69,"column":4},"end":{"line":70,"column":14}},{"start":{"line":75,"column":4},"end":{"line":76,"column":14}}]},"8":{"line":85,"type":"switch","locations":[{"start":{"line":90,"column":4},"end":{"line":105,"column":14}},{"start":{"line":111,"column":4},"end":{"line":193,"column":14},"skip":true}]},"9":{"line":91,"type":"binary-expr","locations":[{"start":{"line":91,"column":42},"end":{"line":91,"column":73}},{"start":{"line":91,"column":77},"end":{"line":99,"column":9}}]},"10":{"line":102,"type":"binary-expr","locations":[{"start":{"line":102,"column":18},"end":{"line":102,"column":32}},{"start":{"line":103,"column":12},"end":{"line":103,"column":53}},{"start":{"line":104,"column":12},"end":{"line":104,"column":61}}]},"11":{"line":112,"type":"binary-expr","locations":[{"start":{"line":112,"column":45},"end":{"line":112,"column":79},"skip":true},{"start":{"line":112,"column":83},"end":{"line":121,"column":9},"skip":true}]},"12":{"line":123,"type":"binary-expr","locations":[{"start":{"line":123,"column":42},"end":{"line":123,"column":73},"skip":true},{"start":{"line":123,"column":77},"end":{"line":136,"column":9},"skip":true}]},"13":{"line":138,"type":"binary-expr","locations":[{"start":{"line":138,"column":48},"end":{"line":138,"column":85},"skip":true},{"start":{"line":139,"column":12},"end":{"line":145,"column":13},"skip":true}]},"14":{"line":147,"type":"binary-expr","locations":[{"start":{"line":147,"column":42},"end":{"line":147,"column":73},"skip":true},{"start":{"line":147,"column":77},"end":{"line":156,"column":9},"skip":true}]},"15":{"line":158,"type":"binary-expr","locations":[{"start":{"line":158,"column":45},"end":{"line":158,"column":79},"skip":true},{"start":{"line":158,"column":83},"end":{"line":167,"column":9},"skip":true}]},"16":{"line":169,"type":"binary-expr","locations":[{"start":{"line":169,"column":43},"end":{"line":169,"column":75},"skip":true},{"start":{"line":169,"column":79},"end":{"line":178,"column":9},"skip":true}]},"17":{"line":180,"type":"binary-expr","locations":[{"start":{"line":180,"column":41},"end":{"line":180,"column":71},"skip":true},{"start":{"line":180,"column":75},"end":{"line":189,"column":9},"skip":true}]}},"code":["/* istanbul instrument in package npmtest_falcor */","/*jslint","    bitwise: true,","    browser: true,","    maxerr: 8,","    maxlen: 96,","    node: true,","    nomen: true,","    regexp: true,","    stupid: true","*/","(function () {","    'use strict';","    var local;","","","","    // run shared js-env code - pre-init","    (function () {","        // init local","        local = {};","        // init modeJs","        local.modeJs = (function () {","            try {","                return typeof navigator.userAgent === 'string' &&","                    typeof document.querySelector('body') === 'object' &&","                    typeof XMLHttpRequest.prototype.open === 'function' &&","                    'browser';","            } catch (errorCaughtBrowser) {","                return module.exports &&","                    typeof process.versions.node === 'string' &&","                    typeof require('http').createServer === 'function' &&","                    'node';","            }","        }());","        // init global","        local.global = local.modeJs === 'browser'","            ? window","            : global;","        switch (local.modeJs) {","        // re-init local from window.local","        case 'browser':","            local = local.global.utility2.objectSetDefault(","                local.global.utility2_rollup || local.global.local,","                local.global.utility2","            );","            break;","        // re-init local from example.js","        case 'node':","            local = (local.global.utility2_rollup || require('utility2'))","                .requireExampleJsFromReadme();","            break;","        }","        // export local","        local.global.local = local;","    }());","","","","    // run shared js-env code - function","    (function () {","        return;","    }());","    switch (local.modeJs) {","","","","    // run browser js-env code - function","    case 'browser':","        break;","","","","    // run node js-env code - function","    case 'node':","        break;","    }","","","","    // run shared js-env code - post-init","    (function () {","        return;","    }());","    switch (local.modeJs) {","","","","    // run browser js-env code - post-init","    case 'browser':","        local.testCase_browser_nullCase = local.testCase_browser_nullCase || function (","            options,","            onError","        ) {","        /*","         * this function will test browsers's null-case handling-behavior-behavior","         */","            onError(null, options);","        };","","        // run tests","        local.nop(local.modeTest &&","            document.querySelector('#testRunButton1') &&","            document.querySelector('#testRunButton1').click());","        break;","","","","    // run node js-env code - post-init","    /* istanbul ignore next */","    case 'node':","        local.testCase_buildApidoc_default = local.testCase_buildApidoc_default || function (","            options,","            onError","        ) {","        /*","         * this function will test buildApidoc's default handling-behavior-behavior","         */","            options = { modulePathList: module.paths };","            local.buildApidoc(options, onError);","        };","","        local.testCase_buildApp_default = local.testCase_buildApp_default || function (","            options,","            onError","        ) {","        /*","         * this function will test buildApp's default handling-behavior-behavior","         */","            local.testCase_buildReadme_default(options, local.onErrorThrow);","            local.testCase_buildLib_default(options, local.onErrorThrow);","            local.testCase_buildTest_default(options, local.onErrorThrow);","            local.testCase_buildCustomOrg_default(options, local.onErrorThrow);","            options = [];","            local.buildApp(options, onError);","        };","","        local.testCase_buildCustomOrg_default = local.testCase_buildCustomOrg_default ||","            function (options, onError) {","            /*","             * this function will test buildCustomOrg's default handling-behavior","             */","                options = {};","                local.buildCustomOrg(options, onError);","            };","","        local.testCase_buildLib_default = local.testCase_buildLib_default || function (","            options,","            onError","        ) {","        /*","         * this function will test buildLib's default handling-behavior","         */","            options = {};","            local.buildLib(options, onError);","        };","","        local.testCase_buildReadme_default = local.testCase_buildReadme_default || function (","            options,","            onError","        ) {","        /*","         * this function will test buildReadme's default handling-behavior-behavior","         */","            options = {};","            local.buildReadme(options, onError);","        };","","        local.testCase_buildTest_default = local.testCase_buildTest_default || function (","            options,","            onError","        ) {","        /*","         * this function will test buildTest's default handling-behavior","         */","            options = {};","            local.buildTest(options, onError);","        };","","        local.testCase_webpage_default = local.testCase_webpage_default || function (","            options,","            onError","        ) {","        /*","         * this function will test webpage's default handling-behavior","         */","            options = { modeCoverageMerge: true, url: local.serverLocalHost + '?modeTest=1' };","            local.browserTest(options, onError);","        };","","        // run test-server","        local.testRunServer(local);","        break;","    }","}());",""],"l":{"12":2,"14":2,"19":2,"21":2,"23":2,"24":2,"25":2,"30":1,"37":2,"40":2,"43":1,"47":1,"50":1,"52":1,"55":2,"61":2,"62":2,"64":2,"70":1,"76":1,"82":2,"83":2,"85":2,"91":1,"98":1,"102":1,"105":1,"112":1,"119":1,"120":1,"123":1,"130":1,"131":1,"132":1,"133":1,"134":1,"135":1,"138":1,"143":2,"144":2,"147":1,"154":2,"155":2,"158":1,"165":2,"166":2,"169":1,"176":2,"177":2,"180":1,"187":1,"188":1,"192":1,"193":1}},"/home/travis/build/npmtest/node-npmtest-falcor/lib.npmtest_falcor.js":{"path":"/home/travis/build/npmtest/node-npmtest-falcor/lib.npmtest_falcor.js","s":{"1":2,"2":2,"3":2,"4":2,"5":2,"6":2,"7":2,"8":1,"9":2,"10":2,"11":2,"12":2,"13":1,"14":1,"15":1,"16":1},"b":{"1":[2,1,1,1],"2":[1,1,1,1],"3":[1,1],"4":[2,2],"5":[1,1]},"f":{"1":2,"2":2,"3":2},"fnMap":{"1":{"name":"(anonymous_1)","line":12,"loc":{"start":{"line":12,"column":1},"end":{"line":12,"column":13}}},"2":{"name":"(anonymous_2)","line":19,"loc":{"start":{"line":19,"column":5},"end":{"line":19,"column":17}}},"3":{"name":"(anonymous_3)","line":23,"loc":{"start":{"line":23,"column":24},"end":{"line":23,"column":36}}}},"statementMap":{"1":{"start":{"line":12,"column":0},"end":{"line":53,"column":5}},"2":{"start":{"line":14,"column":4},"end":{"line":14,"column":14}},"3":{"start":{"line":19,"column":4},"end":{"line":52,"column":9}},"4":{"start":{"line":21,"column":8},"end":{"line":21,"column":19}},"5":{"start":{"line":23,"column":8},"end":{"line":35,"column":13}},"6":{"start":{"line":24,"column":12},"end":{"line":34,"column":13}},"7":{"start":{"line":25,"column":16},"end":{"line":28,"column":30}},"8":{"start":{"line":30,"column":16},"end":{"line":33,"column":27}},"9":{"start":{"line":37,"column":8},"end":{"line":39,"column":21}},"10":{"start":{"line":41,"column":8},"end":{"line":41,"column":54}},"11":{"start":{"line":43,"column":8},"end":{"line":43,"column":51}},"12":{"start":{"line":45,"column":8},"end":{"line":51,"column":9}},"13":{"start":{"line":46,"column":12},"end":{"line":46,"column":57}},"14":{"start":{"line":48,"column":12},"end":{"line":48,"column":35}},"15":{"start":{"line":49,"column":12},"end":{"line":49,"column":49}},"16":{"start":{"line":50,"column":12},"end":{"line":50,"column":43}}},"branchMap":{"1":{"line":25,"type":"binary-expr","locations":[{"start":{"line":25,"column":23},"end":{"line":25,"column":62}},{"start":{"line":26,"column":20},"end":{"line":26,"column":70}},{"start":{"line":27,"column":20},"end":{"line":27,"column":71}},{"start":{"line":28,"column":20},"end":{"line":28,"column":29}}]},"2":{"line":30,"type":"binary-expr","locations":[{"start":{"line":30,"column":23},"end":{"line":30,"column":37}},{"start":{"line":31,"column":20},"end":{"line":31,"column":61}},{"start":{"line":32,"column":20},"end":{"line":32,"column":70}},{"start":{"line":33,"column":20},"end":{"line":33,"column":26}}]},"3":{"line":37,"type":"cond-expr","locations":[{"start":{"line":38,"column":14},"end":{"line":38,"column":20}},{"start":{"line":39,"column":14},"end":{"line":39,"column":20}}]},"4":{"line":41,"type":"binary-expr","locations":[{"start":{"line":41,"column":16},"end":{"line":41,"column":44}},{"start":{"line":41,"column":48},"end":{"line":41,"column":53}}]},"5":{"line":45,"type":"if","locations":[{"start":{"line":45,"column":8},"end":{"line":45,"column":8}},{"start":{"line":45,"column":8},"end":{"line":45,"column":8}}]}},"code":["/* istanbul instrument in package npmtest_falcor */","/*jslint","    bitwise: true,","    browser: true,","    maxerr: 8,","    maxlen: 96,","    node: true,","    nomen: true,","    regexp: true,","    stupid: true","*/","(function () {","    'use strict';","    var local;","","","","    // run shared js-env code - pre-init","    (function () {","        // init local","        local = {};","        // init modeJs","        local.modeJs = (function () {","            try {","                return typeof navigator.userAgent === 'string' &&","                    typeof document.querySelector('body') === 'object' &&","                    typeof XMLHttpRequest.prototype.open === 'function' &&","                    'browser';","            } catch (errorCaughtBrowser) {","                return module.exports &&","                    typeof process.versions.node === 'string' &&","                    typeof require('http').createServer === 'function' &&","                    'node';","            }","        }());","        // init global","        local.global = local.modeJs === 'browser'","            ? window","            : global;","        // init utility2_rollup","        local = local.global.utility2_rollup || local;","        // init lib","        local.local = local.npmtest_falcor = local;","        // init exports","        if (local.modeJs === 'browser') {","            local.global.utility2_npmtest_falcor = local;","        } else {","            module.exports = local;","            module.exports.__dirname = __dirname;","            module.exports.module = module;","        }","    }());","}());",""],"l":{"12":2,"14":2,"19":2,"21":2,"23":2,"24":2,"25":2,"30":1,"37":2,"41":2,"43":2,"45":2,"46":1,"48":1,"49":1,"50":1}},"/home/travis/build/npmtest/node-npmtest-falcor/example.js":{"path":"/home/travis/build/npmtest/node-npmtest-falcor/example.js","s":{"1":2,"2":2,"3":2,"4":2,"5":2,"6":2,"7":2,"8":1,"9":2,"10":2,"11":2,"12":2,"13":1,"14":2,"15":2,"16":2,"17":2,"18":2,"19":0,"20":2,"21":1,"22":1,"23":1,"24":1,"25":1,"26":0,"27":0,"28":1,"29":1,"30":2,"31":0,"32":0,"33":0,"34":1,"35":2,"36":2,"37":3,"38":3,"39":3,"40":3,"41":0,"42":3,"43":3,"44":3,"45":1,"46":3,"47":1,"48":1,"49":1,"50":1,"51":1,"52":1,"53":1,"54":1,"55":1,"56":1,"57":0,"58":1,"59":6,"60":6,"61":1,"62":2,"63":0,"64":2,"65":1,"66":1,"67":0,"68":0,"69":0,"70":0,"71":0,"72":0,"73":0,"74":0,"75":0,"76":0,"77":0,"78":0,"79":0,"80":0,"81":0,"82":0,"83":0},"b":{"1":[2,1,1,1],"2":[1,1,1,1],"3":[1,1],"4":[2,2],"5":[1,1],"6":[1,1],"7":[2,0],"8":[2,1,1,1,1,1],"9":[0,2,0],"10":[1,1],"11":[2,1,1],"12":[1,0],"13":[0,2],"14":[2,0,0,0,0,0,0],"15":[0,3],"16":[3,0],"17":[1,1],"18":[0,1],"19":[1,2,0,2],"20":[1,0],"21":[1,1],"22":[0,0],"23":[0,0],"24":[0,0],"25":[0,0],"26":[0,0],"27":[0,0],"28":[0,0]},"f":{"1":2,"2":2,"3":2,"4":2,"5":2,"6":2,"7":3,"8":3,"9":3,"10":1,"11":6,"12":0},"fnMap":{"1":{"name":"(anonymous_1)","line":26,"loc":{"start":{"line":26,"column":1},"end":{"line":26,"column":13}}},"2":{"name":"(anonymous_2)","line":33,"loc":{"start":{"line":33,"column":5},"end":{"line":33,"column":17}}},"3":{"name":"(anonymous_3)","line":37,"loc":{"start":{"line":37,"column":24},"end":{"line":37,"column":36}}},"4":{"name":"(anonymous_4)","line":69,"loc":{"start":{"line":69,"column":31},"end":{"line":69,"column":48}},"skip":true},"5":{"name":"(anonymous_5)","line":78,"loc":{"start":{"line":78,"column":26},"end":{"line":78,"column":45}},"skip":true},"6":{"name":"(anonymous_6)","line":123,"loc":{"start":{"line":123,"column":33},"end":{"line":123,"column":48}},"skip":true},"7":{"name":"(anonymous_7)","line":125,"loc":{"start":{"line":125,"column":27},"end":{"line":125,"column":39}},"skip":true},"8":{"name":"(anonymous_8)","line":133,"loc":{"start":{"line":133,"column":59},"end":{"line":133,"column":74}},"skip":true},"9":{"name":"(anonymous_9)","line":143,"loc":{"start":{"line":143,"column":45},"end":{"line":143,"column":62}},"skip":true},"10":{"name":"(anonymous_10)","line":144,"loc":{"start":{"line":144,"column":73},"end":{"line":144,"column":92}},"skip":true},"11":{"name":"(anonymous_11)","line":272,"loc":{"start":{"line":272,"column":51},"end":{"line":272,"column":77}},"skip":true},"12":{"name":"(anonymous_12)","line":315,"loc":{"start":{"line":315,"column":32},"end":{"line":315,"column":61}},"skip":true}},"statementMap":{"1":{"start":{"line":26,"column":0},"end":{"line":326,"column":5}},"2":{"start":{"line":28,"column":4},"end":{"line":28,"column":14}},"3":{"start":{"line":33,"column":4},"end":{"line":60,"column":9}},"4":{"start":{"line":35,"column":8},"end":{"line":35,"column":19}},"5":{"start":{"line":37,"column":8},"end":{"line":49,"column":13}},"6":{"start":{"line":38,"column":12},"end":{"line":48,"column":13}},"7":{"start":{"line":39,"column":16},"end":{"line":42,"column":30}},"8":{"start":{"line":44,"column":16},"end":{"line":47,"column":27}},"9":{"start":{"line":51,"column":8},"end":{"line":53,"column":21}},"10":{"start":{"line":55,"column":8},"end":{"line":57,"column":45}},"11":{"start":{"line":59,"column":8},"end":{"line":59,"column":35}},"12":{"start":{"line":61,"column":4},"end":{"line":325,"column":5}},"13":{"start":{"line":69,"column":8},"end":{"line":121,"column":10},"skip":true},"14":{"start":{"line":70,"column":12},"end":{"line":88,"column":13},"skip":true},"15":{"start":{"line":76,"column":16},"end":{"line":87,"column":19},"skip":true},"16":{"start":{"line":79,"column":20},"end":{"line":86,"column":21},"skip":true},"17":{"start":{"line":82,"column":24},"end":{"line":82,"column":43},"skip":true},"18":{"start":{"line":83,"column":24},"end":{"line":83,"column":30},"skip":true},"19":{"start":{"line":85,"column":24},"end":{"line":85,"column":49},"skip":true},"20":{"start":{"line":89,"column":12},"end":{"line":107,"column":13},"skip":true},"21":{"start":{"line":92,"column":16},"end":{"line":102,"column":17},"skip":true},"22":{"start":{"line":93,"column":20},"end":{"line":93,"column":86},"skip":true},"23":{"start":{"line":94,"column":20},"end":{"line":95,"column":45},"skip":true},"24":{"start":{"line":96,"column":20},"end":{"line":96,"column":42},"skip":true},"25":{"start":{"line":97,"column":20},"end":{"line":97,"column":48},"skip":true},"26":{"start":{"line":100,"column":20},"end":{"line":100,"column":85},"skip":true},"27":{"start":{"line":101,"column":20},"end":{"line":101,"column":96},"skip":true},"28":{"start":{"line":103,"column":16},"end":{"line":103,"column":22},"skip":true},"29":{"start":{"line":106,"column":16},"end":{"line":106,"column":22},"skip":true},"30":{"start":{"line":108,"column":12},"end":{"line":120,"column":13},"skip":true},"31":{"start":{"line":114,"column":16},"end":{"line":119,"column":17},"skip":true},"32":{"start":{"line":116,"column":20},"end":{"line":116,"column":78},"skip":true},"33":{"start":{"line":118,"column":20},"end":{"line":118,"column":47},"skip":true},"34":{"start":{"line":123,"column":8},"end":{"line":141,"column":11},"skip":true},"35":{"start":{"line":124,"column":12},"end":{"line":124,"column":54},"skip":true},"36":{"start":{"line":125,"column":12},"end":{"line":140,"column":14},"skip":true},"37":{"start":{"line":126,"column":16},"end":{"line":126,"column":28},"skip":true},"38":{"start":{"line":127,"column":16},"end":{"line":127,"column":69},"skip":true},"39":{"start":{"line":128,"column":16},"end":{"line":128,"column":75},"skip":true},"40":{"start":{"line":129,"column":16},"end":{"line":131,"column":17},"skip":true},"41":{"start":{"line":130,"column":20},"end":{"line":130,"column":27},"skip":true},"42":{"start":{"line":133,"column":16},"end":{"line":137,"column":36},"skip":true},"43":{"start":{"line":134,"column":20},"end":{"line":136,"column":55},"skip":true},"44":{"start":{"line":139,"column":16},"end":{"line":139,"column":57},"skip":true},"45":{"start":{"line":143,"column":8},"end":{"line":147,"column":11},"skip":true},"46":{"start":{"line":144,"column":12},"end":{"line":146,"column":15},"skip":true},"47":{"start":{"line":145,"column":16},"end":{"line":145,"column":70},"skip":true},"48":{"start":{"line":149,"column":8},"end":{"line":149,"column":31},"skip":true},"49":{"start":{"line":150,"column":8},"end":{"line":150,"column":14},"skip":true},"50":{"start":{"line":158,"column":8},"end":{"line":158,"column":31},"skip":true},"51":{"start":{"line":160,"column":8},"end":{"line":160,"column":33},"skip":true},"52":{"start":{"line":161,"column":8},"end":{"line":161,"column":37},"skip":true},"53":{"start":{"line":162,"column":8},"end":{"line":162,"column":35},"skip":true},"54":{"start":{"line":164,"column":8},"end":{"line":164,"column":50},"skip":true},"55":{"start":{"line":166,"column":8},"end":{"line":256,"column":2},"skip":true},"56":{"start":{"line":258,"column":8},"end":{"line":286,"column":9},"skip":true},"57":{"start":{"line":259,"column":12},"end":{"line":269,"column":14},"skip":true},"58":{"start":{"line":271,"column":12},"end":{"line":285,"column":19},"skip":true},"59":{"start":{"line":274,"column":20},"end":{"line":274,"column":35},"skip":true},"60":{"start":{"line":275,"column":20},"end":{"line":284,"column":21},"skip":true},"61":{"start":{"line":277,"column":24},"end":{"line":277,"column":64},"skip":true},"62":{"start":{"line":279,"column":24},"end":{"line":279,"column":40},"skip":true},"63":{"start":{"line":281,"column":24},"end":{"line":281,"column":40},"skip":true},"64":{"start":{"line":283,"column":24},"end":{"line":283,"column":39},"skip":true},"65":{"start":{"line":288,"column":8},"end":{"line":290,"column":9},"skip":true},"66":{"start":{"line":289,"column":12},"end":{"line":289,"column":18},"skip":true},"67":{"start":{"line":291,"column":8},"end":{"line":293,"column":54},"skip":true},"68":{"start":{"line":296,"column":8},"end":{"line":301,"column":37},"skip":true},"69":{"start":{"line":303,"column":8},"end":{"line":303,"column":82},"skip":true},"70":{"start":{"line":306,"column":8},"end":{"line":308,"column":9},"skip":true},"71":{"start":{"line":307,"column":12},"end":{"line":307,"column":82},"skip":true},"72":{"start":{"line":310,"column":8},"end":{"line":312,"column":9},"skip":true},"73":{"start":{"line":311,"column":12},"end":{"line":311,"column":18},"skip":true},"74":{"start":{"line":313,"column":8},"end":{"line":313,"column":54},"skip":true},"75":{"start":{"line":314,"column":8},"end":{"line":314,"column":69},"skip":true},"76":{"start":{"line":315,"column":8},"end":{"line":323,"column":36},"skip":true},"77":{"start":{"line":316,"column":12},"end":{"line":316,"column":61},"skip":true},"78":{"start":{"line":317,"column":12},"end":{"line":320,"column":13},"skip":true},"79":{"start":{"line":318,"column":16},"end":{"line":318,"column":75},"skip":true},"80":{"start":{"line":319,"column":16},"end":{"line":319,"column":23},"skip":true},"81":{"start":{"line":321,"column":12},"end":{"line":321,"column":38},"skip":true},"82":{"start":{"line":322,"column":12},"end":{"line":322,"column":27},"skip":true},"83":{"start":{"line":324,"column":8},"end":{"line":324,"column":14},"skip":true}},"branchMap":{"1":{"line":39,"type":"binary-expr","locations":[{"start":{"line":39,"column":23},"end":{"line":39,"column":62}},{"start":{"line":40,"column":20},"end":{"line":40,"column":70}},{"start":{"line":41,"column":20},"end":{"line":41,"column":71}},{"start":{"line":42,"column":20},"end":{"line":42,"column":29}}]},"2":{"line":44,"type":"binary-expr","locations":[{"start":{"line":44,"column":23},"end":{"line":44,"column":37}},{"start":{"line":45,"column":20},"end":{"line":45,"column":61}},{"start":{"line":46,"column":20},"end":{"line":46,"column":70}},{"start":{"line":47,"column":20},"end":{"line":47,"column":26}}]},"3":{"line":51,"type":"cond-expr","locations":[{"start":{"line":52,"column":14},"end":{"line":52,"column":20}},{"start":{"line":53,"column":14},"end":{"line":53,"column":20}}]},"4":{"line":55,"type":"binary-expr","locations":[{"start":{"line":55,"column":16},"end":{"line":55,"column":44}},{"start":{"line":55,"column":49},"end":{"line":57,"column":43}}]},"5":{"line":55,"type":"cond-expr","locations":[{"start":{"line":56,"column":14},"end":{"line":56,"column":50}},{"start":{"line":57,"column":14},"end":{"line":57,"column":43}}]},"6":{"line":61,"type":"switch","locations":[{"start":{"line":68,"column":4},"end":{"line":150,"column":14},"skip":true},{"start":{"line":156,"column":4},"end":{"line":324,"column":14},"skip":true}]},"7":{"line":70,"type":"if","locations":[{"start":{"line":70,"column":12},"end":{"line":70,"column":12},"skip":true},{"start":{"line":70,"column":12},"end":{"line":70,"column":12},"skip":true}]},"8":{"line":70,"type":"binary-expr","locations":[{"start":{"line":70,"column":16},"end":{"line":70,"column":22},"skip":true},{"start":{"line":70,"column":27},"end":{"line":70,"column":32},"skip":true},{"start":{"line":71,"column":20},"end":{"line":71,"column":39},"skip":true},{"start":{"line":72,"column":20},"end":{"line":72,"column":49},"skip":true},{"start":{"line":73,"column":20},"end":{"line":73,"column":58},"skip":true},{"start":{"line":74,"column":20},"end":{"line":74,"column":69},"skip":true}]},"9":{"line":79,"type":"switch","locations":[{"start":{"line":80,"column":20},"end":{"line":80,"column":33},"skip":true},{"start":{"line":81,"column":20},"end":{"line":83,"column":30},"skip":true},{"start":{"line":84,"column":20},"end":{"line":85,"column":49},"skip":true}]},"10":{"line":89,"type":"switch","locations":[{"start":{"line":90,"column":12},"end":{"line":103,"column":22},"skip":true},{"start":{"line":105,"column":12},"end":{"line":106,"column":22},"skip":true}]},"11":{"line":89,"type":"binary-expr","locations":[{"start":{"line":89,"column":20},"end":{"line":89,"column":25},"skip":true},{"start":{"line":89,"column":29},"end":{"line":89,"column":48},"skip":true},{"start":{"line":89,"column":52},"end":{"line":89,"column":74},"skip":true}]},"12":{"line":92,"type":"if","locations":[{"start":{"line":92,"column":16},"end":{"line":92,"column":16},"skip":true},{"start":{"line":92,"column":16},"end":{"line":92,"column":16},"skip":true}]},"13":{"line":108,"type":"if","locations":[{"start":{"line":108,"column":12},"end":{"line":108,"column":12},"skip":true},{"start":{"line":108,"column":12},"end":{"line":108,"column":12},"skip":true}]},"14":{"line":108,"type":"binary-expr","locations":[{"start":{"line":108,"column":16},"end":{"line":108,"column":61},"skip":true},{"start":{"line":108,"column":66},"end":{"line":108,"column":72},"skip":true},{"start":{"line":108,"column":77},"end":{"line":108,"column":82},"skip":true},{"start":{"line":109,"column":20},"end":{"line":109,"column":39},"skip":true},{"start":{"line":110,"column":20},"end":{"line":110,"column":49},"skip":true},{"start":{"line":111,"column":20},"end":{"line":111,"column":58},"skip":true},{"start":{"line":112,"column":20},"end":{"line":112,"column":68},"skip":true}]},"15":{"line":129,"type":"if","locations":[{"start":{"line":129,"column":16},"end":{"line":129,"column":16},"skip":true},{"start":{"line":129,"column":16},"end":{"line":129,"column":16},"skip":true}]},"16":{"line":134,"type":"cond-expr","locations":[{"start":{"line":135,"column":26},"end":{"line":135,"column":29},"skip":true},{"start":{"line":136,"column":26},"end":{"line":136,"column":54},"skip":true}]},"17":{"line":164,"type":"binary-expr","locations":[{"start":{"line":164,"column":27},"end":{"line":164,"column":43},"skip":true},{"start":{"line":164,"column":47},"end":{"line":164,"column":49},"skip":true}]},"18":{"line":258,"type":"if","locations":[{"start":{"line":258,"column":8},"end":{"line":258,"column":8},"skip":true},{"start":{"line":258,"column":8},"end":{"line":258,"column":8},"skip":true}]},"19":{"line":275,"type":"switch","locations":[{"start":{"line":276,"column":20},"end":{"line":277,"column":64},"skip":true},{"start":{"line":278,"column":20},"end":{"line":279,"column":40},"skip":true},{"start":{"line":280,"column":20},"end":{"line":281,"column":40},"skip":true},{"start":{"line":282,"column":20},"end":{"line":283,"column":39},"skip":true}]},"20":{"line":288,"type":"if","locations":[{"start":{"line":288,"column":8},"end":{"line":288,"column":8},"skip":true},{"start":{"line":288,"column":8},"end":{"line":288,"column":8},"skip":true}]},"21":{"line":288,"type":"binary-expr","locations":[{"start":{"line":288,"column":12},"end":{"line":288,"column":40},"skip":true},{"start":{"line":288,"column":44},"end":{"line":288,"column":67},"skip":true}]},"22":{"line":292,"type":"binary-expr","locations":[{"start":{"line":292,"column":12},"end":{"line":292,"column":50},"skip":true},{"start":{"line":293,"column":12},"end":{"line":293,"column":53},"skip":true}]},"23":{"line":297,"type":"binary-expr","locations":[{"start":{"line":297,"column":12},"end":{"line":297,"column":64},"skip":true},{"start":{"line":298,"column":12},"end":{"line":301,"column":36},"skip":true}]},"24":{"line":303,"type":"binary-expr","locations":[{"start":{"line":303,"column":43},"end":{"line":303,"column":75},"skip":true},{"start":{"line":303,"column":79},"end":{"line":303,"column":81},"skip":true}]},"25":{"line":306,"type":"if","locations":[{"start":{"line":306,"column":8},"end":{"line":306,"column":8},"skip":true},{"start":{"line":306,"column":8},"end":{"line":306,"column":8},"skip":true}]},"26":{"line":310,"type":"if","locations":[{"start":{"line":310,"column":8},"end":{"line":310,"column":8},"skip":true},{"start":{"line":310,"column":8},"end":{"line":310,"column":8},"skip":true}]},"27":{"line":313,"type":"binary-expr","locations":[{"start":{"line":313,"column":27},"end":{"line":313,"column":43},"skip":true},{"start":{"line":313,"column":47},"end":{"line":313,"column":53},"skip":true}]},"28":{"line":317,"type":"if","locations":[{"start":{"line":317,"column":12},"end":{"line":317,"column":12},"skip":true},{"start":{"line":317,"column":12},"end":{"line":317,"column":12},"skip":true}]}},"code":["/*","example.js","","quickstart example","","instruction","    1. save this script as example.js","    2. run the shell command:","        $ npm install npmtest-falcor && PORT=8081 node example.js","    3. play with the browser-demo on http://127.0.0.1:8081","*/","","","","/* istanbul instrument in package npmtest_falcor */","/*jslint","    bitwise: true,","    browser: true,","    maxerr: 8,","    maxlen: 96,","    node: true,","    nomen: true,","    regexp: true,","    stupid: true","*/","(function () {","    'use strict';","    var local;","","","","    // run shared js-env code - pre-init","    (function () {","        // init local","        local = {};","        // init modeJs","        local.modeJs = (function () {","            try {","                return typeof navigator.userAgent === 'string' &&","                    typeof document.querySelector('body') === 'object' &&","                    typeof XMLHttpRequest.prototype.open === 'function' &&","                    'browser';","            } catch (errorCaughtBrowser) {","                return module.exports &&","                    typeof process.versions.node === 'string' &&","                    typeof require('http').createServer === 'function' &&","                    'node';","            }","        }());","        // init global","        local.global = local.modeJs === 'browser'","            ? window","            : global;","        // init utility2_rollup","        local = local.global.utility2_rollup || (local.modeJs === 'browser'","            ? local.global.utility2_npmtest_falcor","            : global.utility2_moduleExports);","        // export local","        local.global.local = local;","    }());","    switch (local.modeJs) {","","","","    // post-init","    // run browser js-env code - post-init","    /* istanbul ignore next */","    case 'browser':","        local.testRunBrowser = function (event) {","            if (!event || (event &&","                    event.currentTarget &&","                    event.currentTarget.className &&","                    event.currentTarget.className.includes &&","                    event.currentTarget.className.includes('onreset'))) {","                // reset output","                Array.from(","                    document.querySelectorAll('body > .resettable')","                ).forEach(function (element) {","                    switch (element.tagName) {","                    case 'INPUT':","                    case 'TEXTAREA':","                        element.value = '';","                        break;","                    default:","                        element.textContent = '';","                    }","                });","            }","            switch (event && event.currentTarget && event.currentTarget.id) {","            case 'testRunButton1':","                // show tests","                if (document.querySelector('#testReportDiv1').style.display === 'none') {","                    document.querySelector('#testReportDiv1').style.display = 'block';","                    document.querySelector('#testRunButton1').textContent =","                        'hide internal test';","                    local.modeTest = true;","                    local.testRunDefault(local);","                // hide tests","                } else {","                    document.querySelector('#testReportDiv1').style.display = 'none';","                    document.querySelector('#testRunButton1').textContent = 'run internal test';","                }","                break;","            // custom-case","            default:","                break;","            }","            if (document.querySelector('#inputTextareaEval1') && (!event || (event &&","                    event.currentTarget &&","                    event.currentTarget.className &&","                    event.currentTarget.className.includes &&","                    event.currentTarget.className.includes('oneval')))) {","                // try to eval input-code","                try {","                    /*jslint evil: true*/","                    eval(document.querySelector('#inputTextareaEval1').value);","                } catch (errorCaught) {","                    console.error(errorCaught);","                }","            }","        };","        // log stderr and stdout to #outputTextareaStdout1","        ['error', 'log'].forEach(function (key) {","            console[key + '_original'] = console[key];","            console[key] = function () {","                var element;","                console[key + '_original'].apply(console, arguments);","                element = document.querySelector('#outputTextareaStdout1');","                if (!element) {","                    return;","                }","                // append text to #outputTextareaStdout1","                element.value += Array.from(arguments).map(function (arg) {","                    return typeof arg === 'string'","                        ? arg","                        : JSON.stringify(arg, null, 4);","                }).join(' ') + '\\n';","                // scroll textarea to bottom","                element.scrollTop = element.scrollHeight;","            };","        });","        // init event-handling","        ['change', 'click', 'keyup'].forEach(function (event) {","            Array.from(document.querySelectorAll('.on' + event)).forEach(function (element) {","                element.addEventListener(event, local.testRunBrowser);","            });","        });","        // run tests","        local.testRunBrowser();","        break;","","","","    // run node js-env code - post-init","    /* istanbul ignore next */","    case 'node':","        // export local","        module.exports = local;","        // require modules","        local.fs = require('fs');","        local.http = require('http');","        local.url = require('url');","        // init assets","        local.assetsDict = local.assetsDict || {};","        /* jslint-ignore-begin */","        local.assetsDict['/assets.index.template.html'] = '\\","<!doctype html>\\n\\","<html lang=\"en\">\\n\\","<head>\\n\\","<meta charset=\"UTF-8\">\\n\\","<meta name=\"viewport\" content=\"width=device-width, initial-scale=1\">\\n\\","<title>{{env.npm_package_name}} (v{{env.npm_package_version}})</title>\\n\\","<style>\\n\\","/*csslint\\n\\","    box-sizing: false,\\n\\","    universal-selector: false\\n\\","*/\\n\\","* {\\n\\","    box-sizing: border-box;\\n\\","}\\n\\","body {\\n\\","    background: #dde;\\n\\","    font-family: Arial, Helvetica, sans-serif;\\n\\","    margin: 2rem;\\n\\","}\\n\\","body > * {\\n\\","    margin-bottom: 1rem;\\n\\","}\\n\\",".utility2FooterDiv {\\n\\","    margin-top: 20px;\\n\\","    text-align: center;\\n\\","}\\n\\","</style>\\n\\","<style>\\n\\","/*csslint\\n\\","*/\\n\\","textarea {\\n\\","    font-family: monospace;\\n\\","    height: 10rem;\\n\\","    width: 100%;\\n\\","}\\n\\","textarea[readonly] {\\n\\","    background: #ddd;\\n\\","}\\n\\","</style>\\n\\","</head>\\n\\","<body>\\n\\","<!-- utility2-comment\\n\\","<div id=\"ajaxProgressDiv1\" style=\"background: #d00; height: 2px; left: 0; margin: 0; padding: 0; position: fixed; top: 0; transition: background 0.5s, width 1.5s; width: 25%;\"></div>\\n\\","utility2-comment -->\\n\\","<h1>\\n\\","<!-- utility2-comment\\n\\","    <a\\n\\","        {{#if env.npm_package_homepage}}\\n\\","        href=\"{{env.npm_package_homepage}}\"\\n\\","        {{/if env.npm_package_homepage}}\\n\\","        target=\"_blank\"\\n\\","    >\\n\\","utility2-comment -->\\n\\","        {{env.npm_package_name}} (v{{env.npm_package_version}})\\n\\","<!-- utility2-comment\\n\\","    </a>\\n\\","utility2-comment -->\\n\\","</h1>\\n\\","<h3>{{env.npm_package_description}}</h3>\\n\\","<!-- utility2-comment\\n\\","<h4><a download href=\"assets.app.js\">download standalone app</a></h4>\\n\\","<button class=\"onclick onreset\" id=\"testRunButton1\">run internal test</button><br>\\n\\","<div id=\"testReportDiv1\" style=\"display: none;\"></div>\\n\\","utility2-comment -->\\n\\","\\n\\","\\n\\","\\n\\","<label>stderr and stdout</label>\\n\\","<textarea class=\"resettable\" id=\"outputTextareaStdout1\" readonly></textarea>\\n\\","<!-- utility2-comment\\n\\","{{#if isRollup}}\\n\\","<script src=\"assets.app.js\"></script>\\n\\","{{#unless isRollup}}\\n\\","utility2-comment -->\\n\\","<script src=\"assets.utility2.rollup.js\"></script>\\n\\","<script src=\"jsonp.utility2._stateInit?callback=window.utility2._stateInit\"></script>\\n\\","<script src=\"assets.npmtest_falcor.rollup.js\"></script>\\n\\","<script src=\"assets.example.js\"></script>\\n\\","<script src=\"assets.test.js\"></script>\\n\\","<!-- utility2-comment\\n\\","{{/if isRollup}}\\n\\","utility2-comment -->\\n\\","<div class=\"utility2FooterDiv\">\\n\\","    [ this app was created with\\n\\","    <a href=\"https://github.com/kaizhu256/node-utility2\" target=\"_blank\">utility2</a>\\n\\","    ]\\n\\","</div>\\n\\","</body>\\n\\","</html>\\n\\","';","        /* jslint-ignore-end */","        if (local.templateRender) {","            local.assetsDict['/'] = local.templateRender(","                local.assetsDict['/assets.index.template.html'],","                {","                    env: local.objectSetDefault(local.env, {","                        npm_package_description: 'the greatest app in the world!',","                        npm_package_name: 'my-app',","                        npm_package_nameAlias: 'my_app',","                        npm_package_version: '0.0.1'","                    })","                }","            );","        } else {","            local.assetsDict['/'] = local.assetsDict['/assets.index.template.html']","                .replace((/\\{\\{env\\.(\\w+?)\\}\\}/g), function (match0, match1) {","                    // jslint-hack","                    String(match0);","                    switch (match1) {","                    case 'npm_package_description':","                        return 'the greatest app in the world!';","                    case 'npm_package_name':","                        return 'my-app';","                    case 'npm_package_nameAlias':","                        return 'my_app';","                    case 'npm_package_version':","                        return '0.0.1';","                    }","                });","        }","        // run the cli","        if (local.global.utility2_rollup || module !== require.main) {","            break;","        }","        local.assetsDict['/assets.example.js'] =","            local.assetsDict['/assets.example.js'] ||","            local.fs.readFileSync(__filename, 'utf8');","        // bug-workaround - long $npm_package_buildCustomOrg","        /* jslint-ignore-begin */","        local.assetsDict['/assets.npmtest_falcor.rollup.js'] =","            local.assetsDict['/assets.npmtest_falcor.rollup.js'] ||","            local.fs.readFileSync(","                local.npmtest_falcor.__dirname + '/lib.npmtest_falcor.js',","                'utf8'","            ).replace((/^#!/), '//');","        /* jslint-ignore-end */","        local.assetsDict['/favicon.ico'] = local.assetsDict['/favicon.ico'] || '';","        // if $npm_config_timeout_exit exists,","        // then exit this process after $npm_config_timeout_exit ms","        if (Number(process.env.npm_config_timeout_exit)) {","            setTimeout(process.exit, Number(process.env.npm_config_timeout_exit));","        }","        // start server","        if (local.global.utility2_serverHttp1) {","            break;","        }","        process.env.PORT = process.env.PORT || '8081';","        console.error('server starting on port ' + process.env.PORT);","        local.http.createServer(function (request, response) {","            request.urlParsed = local.url.parse(request.url);","            if (local.assetsDict[request.urlParsed.pathname] !== undefined) {","                response.end(local.assetsDict[request.urlParsed.pathname]);","                return;","            }","            response.statusCode = 404;","            response.end();","        }).listen(process.env.PORT);","        break;","    }","}());",""],"l":{"26":2,"28":2,"33":2,"35":2,"37":2,"38":2,"39":2,"44":1,"51":2,"55":2,"59":2,"61":2,"69":1,"70":2,"76":2,"79":2,"82":2,"83":2,"85":1,"89":2,"92":1,"93":1,"94":1,"96":1,"97":1,"100":1,"101":1,"103":1,"106":1,"108":2,"114":1,"116":1,"118":1,"123":1,"124":2,"125":2,"126":3,"127":3,"128":3,"129":3,"130":1,"133":3,"134":3,"139":3,"143":1,"144":3,"145":1,"149":1,"150":1,"158":1,"160":1,"161":1,"162":1,"164":1,"166":1,"258":1,"259":1,"271":1,"274":6,"275":6,"277":1,"279":2,"281":1,"283":2,"288":1,"289":1,"291":1,"296":1,"303":1,"306":1,"307":1,"310":1,"311":1,"313":1,"314":1,"315":1,"316":1,"317":1,"318":1,"319":1,"321":1,"322":1,"324":1}},"/home/travis/build/npmtest/node-npmtest-falcor/node_modules/falcor/lib/index.js":{"path":"/home/travis/build/npmtest/node-npmtest-falcor/node_modules/falcor/lib/index.js","s":{"1":1,"2":0,"3":1,"4":1,"5":0,"6":1,"7":1},"b":{"1":[1,0]},"f":{"1":0},"fnMap":{"1":{"name":"falcor","line":3,"loc":{"start":{"line":3,"column":0},"end":{"line":3,"column":22}}}},"statementMap":{"1":{"start":{"line":3,"column":0},"end":{"line":5,"column":1}},"2":{"start":{"line":4,"column":4},"end":{"line":4,"column":34}},"3":{"start":{"line":7,"column":0},"end":{"line":11,"column":1}},"4":{"start":{"line":8,"column":4},"end":{"line":8,"column":29}},"5":{"start":{"line":10,"column":4},"end":{"line":10,"column":40}},"6":{"start":{"line":13,"column":0},"end":{"line":13,"column":24}},"7":{"start":{"line":15,"column":0},"end":{"line":15,"column":34}}},"branchMap":{"1":{"line":7,"type":"if","locations":[{"start":{"line":7,"column":0},"end":{"line":7,"column":0}},{"start":{"line":7,"column":0},"end":{"line":7,"column":0}}]}},"code":["\"use strict\";","","function falcor(opts) {","    return new falcor.Model(opts);","}","","if (typeof Promise === \"function\") {","    falcor.Promise = Promise;","} else {","    falcor.Promise = require(\"promise\");","}","","module.exports = falcor;","","falcor.Model = require(\"./Model\");",""],"l":{"3":1,"4":0,"7":1,"8":1,"10":0,"13":1,"15":1}},"/home/travis/build/npmtest/node-npmtest-falcor/node_modules/falcor/lib/Model.js":{"path":"/home/travis/build/npmtest/node-npmtest-falcor/node_modules/falcor/lib/Model.js","s":{"1":1,"2":1,"3":1,"4":1,"5":1,"6":1,"7":1,"8":1,"9":1,"10":1,"11":1,"12":1,"13":1,"14":1,"15":1,"16":1,"17":1,"18":1,"19":1,"20":1,"21":1,"22":1,"23":1,"24":1,"25":1,"26":1,"27":1,"28":1,"29":1,"30":1,"31":1,"32":1,"33":1,"34":1,"35":1,"36":1,"37":0,"38":0,"39":0,"40":0,"41":0,"42":0,"43":0,"44":0,"45":0,"46":0,"47":0,"48":0,"49":0,"50":0,"51":0,"52":0,"53":0,"54":0,"55":0,"56":0,"57":0,"58":0,"59":0,"60":1,"61":1,"62":1,"63":1,"64":1,"65":1,"66":1,"67":1,"68":1,"69":1,"70":0,"71":0,"72":0,"73":0,"74":0,"75":1,"76":0,"77":0,"78":0,"79":0,"80":0,"81":0,"82":0,"83":0,"84":0,"85":0,"86":1,"87":0,"88":0,"89":0,"90":0,"91":0,"92":0,"93":0,"94":0,"95":0,"96":0,"97":0,"98":1,"99":0,"100":0,"101":0,"102":0,"103":0,"104":0,"105":0,"106":0,"107":0,"108":0,"109":0,"110":0,"111":1,"112":0,"113":0,"114":0,"115":0,"116":0,"117":0,"118":0,"119":0,"120":0,"121":0,"122":0,"123":1,"124":1,"125":1,"126":1,"127":1,"128":1,"129":1,"130":0,"131":0,"132":0,"133":0,"134":0,"135":0,"136":0,"137":0,"138":0,"139":0,"140":0,"141":0,"142":0,"143":0,"144":0,"145":0,"146":0,"147":0,"148":1,"149":0,"150":0,"151":0,"152":0,"153":0,"154":0,"155":0,"156":0,"157":1,"158":0,"159":0,"160":0,"161":0,"162":0,"163":0,"164":1,"165":0,"166":0,"167":0,"168":1,"169":0,"170":0,"171":0,"172":0,"173":0,"174":0,"175":0,"176":0,"177":1,"178":0,"179":0,"180":0,"181":0,"182":0,"183":0,"184":0,"185":0,"186":1,"187":0,"188":0,"189":0,"190":1,"191":0,"192":1,"193":0,"194":1,"195":0,"196":1,"197":0,"198":1,"199":0,"200":1,"201":0,"202":1,"203":0,"204":1,"205":0,"206":1,"207":0,"208":1,"209":1,"210":1,"211":1,"212":1,"213":1,"214":1,"215":1,"216":1,"217":1,"218":1,"219":1,"220":1,"221":1,"222":1,"223":1,"224":1,"225":1,"226":1,"227":1},"b":{"1":[0,0],"2":[0,0],"3":[0,0,0],"4":[0,0,0],"5":[0,0],"6":[0,0,0],"7":[0,0],"8":[0,0],"9":[0,0],"10":[0,0],"11":[0,0],"12":[0,0],"13":[0,0],"14":[0,0],"15":[0,0],"16":[0,0],"17":[0,0],"18":[0,0],"19":[0,0],"20":[0,0],"21":[0,0],"22":[0,0],"23":[0,0],"24":[0,0,0,0,0,0,0,0],"25":[0,0],"26":[0,0],"27":[0,0],"28":[0,0],"29":[0,0],"30":[0,0],"31":[0,0],"32":[0,0],"33":[0,0,0],"34":[0,0],"35":[0,0],"36":[0,0],"37":[0,0,0],"38":[0,0],"39":[0,0],"40":[0,0],"41":[0,0]},"f":{"1":0,"2":0,"3":0,"4":0,"5":0,"6":0,"7":0,"8":0,"9":0,"10":0,"11":0,"12":0,"13":0,"14":0,"15":0,"16":0,"17":0,"18":0,"19":0,"20":0,"21":0,"22":0,"23":0,"24":0,"25":0,"26":0,"27":0,"28":0,"29":0,"30":0,"31":0},"fnMap":{"1":{"name":"(anonymous_1)","line":32,"loc":{"start":{"line":32,"column":11},"end":{"line":32,"column":22}}},"2":{"name":"Model","line":81,"loc":{"start":{"line":81,"column":0},"end":{"line":81,"column":18}}},"3":{"name":"set","line":153,"loc":{"start":{"line":153,"column":22},"end":{"line":153,"column":37}}},"4":{"name":"(anonymous_4)","line":156,"loc":{"start":{"line":156,"column":33},"end":{"line":156,"column":45}}},"5":{"name":"preload","line":169,"loc":{"start":{"line":169,"column":26},"end":{"line":169,"column":45}}},"6":{"name":"(anonymous_6)","line":172,"loc":{"start":{"line":172,"column":33},"end":{"line":172,"column":45}}},"7":{"name":"(anonymous_7)","line":178,"loc":{"start":{"line":178,"column":29},"end":{"line":178,"column":43}}},"8":{"name":"(anonymous_8)","line":179,"loc":{"start":{"line":179,"column":52},"end":{"line":179,"column":63}}},"9":{"name":"(anonymous_9)","line":180,"loc":{"start":{"line":180,"column":11},"end":{"line":180,"column":25}}},"10":{"name":"(anonymous_10)","line":182,"loc":{"start":{"line":182,"column":11},"end":{"line":182,"column":22}}},"11":{"name":"_set","line":188,"loc":{"start":{"line":188,"column":23},"end":{"line":188,"column":39}}},"12":{"name":"call","line":214,"loc":{"start":{"line":214,"column":23},"end":{"line":214,"column":39}}},"13":{"name":"(anonymous_13)","line":227,"loc":{"start":{"line":227,"column":37},"end":{"line":227,"column":49}}},"14":{"name":"invalidate","line":242,"loc":{"start":{"line":242,"column":29},"end":{"line":242,"column":51}}},"15":{"name":"(anonymous_15)","line":258,"loc":{"start":{"line":258,"column":24},"end":{"line":258,"column":36}}},"16":{"name":"modelSetCache","line":349,"loc":{"start":{"line":349,"column":27},"end":{"line":349,"column":76}}},"17":{"name":"_getCache","line":381,"loc":{"start":{"line":381,"column":27},"end":{"line":381,"column":48}}},"18":{"name":"getVersion","line":399,"loc":{"start":{"line":399,"column":29},"end":{"line":399,"column":58}}},"19":{"name":"syncCheck","line":410,"loc":{"start":{"line":410,"column":29},"end":{"line":410,"column":54}}},"20":{"name":"cloneModel","line":418,"loc":{"start":{"line":418,"column":25},"end":{"line":418,"column":51}}},"21":{"name":"batch","line":438,"loc":{"start":{"line":438,"column":24},"end":{"line":438,"column":60}}},"22":{"name":"unbatch","line":458,"loc":{"start":{"line":458,"column":26},"end":{"line":458,"column":45}}},"23":{"name":"treatErrorsAsValues","line":468,"loc":{"start":{"line":468,"column":38},"end":{"line":468,"column":69}}},"24":{"name":"asDataSource","line":495,"loc":{"start":{"line":495,"column":31},"end":{"line":495,"column":55}}},"25":{"name":"materialize","line":499,"loc":{"start":{"line":499,"column":31},"end":{"line":499,"column":54}}},"26":{"name":"dematerialize","line":505,"loc":{"start":{"line":505,"column":33},"end":{"line":505,"column":58}}},"27":{"name":"boxValues","line":515,"loc":{"start":{"line":515,"column":28},"end":{"line":515,"column":49}}},"28":{"name":"unboxValues","line":525,"loc":{"start":{"line":525,"column":30},"end":{"line":525,"column":53}}},"29":{"name":"withoutDataSource","line":535,"loc":{"start":{"line":535,"column":36},"end":{"line":535,"column":65}}},"30":{"name":"toJSON","line":541,"loc":{"start":{"line":541,"column":25},"end":{"line":541,"column":43}}},"31":{"name":"getPath","line":571,"loc":{"start":{"line":571,"column":26},"end":{"line":571,"column":45}}}},"statementMap":{"1":{"start":{"line":1,"column":0},"end":{"line":1,"column":39}},"2":{"start":{"line":2,"column":0},"end":{"line":2,"column":65}},"3":{"start":{"line":4,"column":0},"end":{"line":4,"column":55}},"4":{"start":{"line":5,"column":0},"end":{"line":5,"column":56}},"5":{"start":{"line":6,"column":0},"end":{"line":6,"column":52}},"6":{"start":{"line":7,"column":0},"end":{"line":7,"column":54}},"7":{"start":{"line":8,"column":0},"end":{"line":8,"column":66}},"8":{"start":{"line":10,"column":0},"end":{"line":10,"column":58}},"9":{"start":{"line":11,"column":0},"end":{"line":11,"column":64}},"10":{"start":{"line":12,"column":0},"end":{"line":12,"column":68}},"11":{"start":{"line":14,"column":0},"end":{"line":14,"column":50}},"12":{"start":{"line":15,"column":0},"end":{"line":15,"column":50}},"13":{"start":{"line":17,"column":0},"end":{"line":17,"column":42}},"14":{"start":{"line":18,"column":0},"end":{"line":18,"column":47}},"15":{"start":{"line":20,"column":0},"end":{"line":20,"column":43}},"16":{"start":{"line":21,"column":0},"end":{"line":21,"column":45}},"17":{"start":{"line":22,"column":0},"end":{"line":22,"column":49}},"18":{"start":{"line":23,"column":0},"end":{"line":23,"column":51}},"19":{"start":{"line":24,"column":0},"end":{"line":24,"column":57}},"20":{"start":{"line":25,"column":0},"end":{"line":25,"column":67}},"21":{"start":{"line":27,"column":0},"end":{"line":27,"column":44}},"22":{"start":{"line":28,"column":0},"end":{"line":28,"column":51}},"23":{"start":{"line":29,"column":0},"end":{"line":29,"column":41}},"24":{"start":{"line":30,"column":0},"end":{"line":30,"column":11}},"25":{"start":{"line":31,"column":0},"end":{"line":31,"column":55}},"26":{"start":{"line":32,"column":0},"end":{"line":32,"column":25}},"27":{"start":{"line":33,"column":0},"end":{"line":33,"column":41}},"28":{"start":{"line":34,"column":0},"end":{"line":34,"column":27}},"29":{"start":{"line":35,"column":0},"end":{"line":40,"column":2}},"30":{"start":{"line":41,"column":0},"end":{"line":41,"column":59}},"31":{"start":{"line":43,"column":0},"end":{"line":43,"column":23}},"32":{"start":{"line":45,"column":0},"end":{"line":45,"column":22}},"33":{"start":{"line":46,"column":0},"end":{"line":46,"column":24}},"34":{"start":{"line":47,"column":0},"end":{"line":47,"column":26}},"35":{"start":{"line":48,"column":0},"end":{"line":48,"column":34}},"36":{"start":{"line":81,"column":0},"end":{"line":120,"column":1}},"37":{"start":{"line":83,"column":4},"end":{"line":83,"column":26}},"38":{"start":{"line":84,"column":4},"end":{"line":84,"column":57}},"39":{"start":{"line":85,"column":4},"end":{"line":85,"column":53}},"40":{"start":{"line":86,"column":4},"end":{"line":86,"column":90}},"41":{"start":{"line":87,"column":4},"end":{"line":87,"column":53}},"42":{"start":{"line":88,"column":4},"end":{"line":88,"column":99}},"43":{"start":{"line":89,"column":4},"end":{"line":89,"column":20}},"44":{"start":{"line":91,"column":4},"end":{"line":95,"column":5}},"45":{"start":{"line":92,"column":8},"end":{"line":92,"column":40}},"46":{"start":{"line":94,"column":8},"end":{"line":94,"column":69}},"47":{"start":{"line":97,"column":4},"end":{"line":101,"column":5}},"48":{"start":{"line":98,"column":8},"end":{"line":98,"column":50}},"49":{"start":{"line":100,"column":8},"end":{"line":100,"column":84}},"50":{"start":{"line":103,"column":4},"end":{"line":105,"column":5}},"51":{"start":{"line":104,"column":8},"end":{"line":104,"column":54}},"52":{"start":{"line":107,"column":4},"end":{"line":109,"column":5}},"53":{"start":{"line":108,"column":8},"end":{"line":108,"column":75}},"54":{"start":{"line":111,"column":4},"end":{"line":115,"column":5}},"55":{"start":{"line":112,"column":8},"end":{"line":112,"column":64}},"56":{"start":{"line":113,"column":11},"end":{"line":115,"column":5}},"57":{"start":{"line":114,"column":8},"end":{"line":114,"column":65}},"58":{"start":{"line":117,"column":4},"end":{"line":119,"column":5}},"59":{"start":{"line":118,"column":8},"end":{"line":118,"column":37}},"60":{"start":{"line":122,"column":0},"end":{"line":122,"column":36}},"61":{"start":{"line":124,"column":0},"end":{"line":124,"column":38}},"62":{"start":{"line":125,"column":0},"end":{"line":125,"column":31}},"63":{"start":{"line":126,"column":0},"end":{"line":126,"column":37}},"64":{"start":{"line":127,"column":0},"end":{"line":127,"column":45}},"65":{"start":{"line":128,"column":0},"end":{"line":128,"column":47}},"66":{"start":{"line":129,"column":0},"end":{"line":129,"column":37}},"67":{"start":{"line":137,"column":0},"end":{"line":137,"column":48}},"68":{"start":{"line":146,"column":0},"end":{"line":146,"column":71}},"69":{"start":{"line":153,"column":0},"end":{"line":161,"column":2}},"70":{"start":{"line":154,"column":4},"end":{"line":154,"column":63}},"71":{"start":{"line":155,"column":4},"end":{"line":159,"column":5}},"72":{"start":{"line":156,"column":8},"end":{"line":158,"column":11}},"73":{"start":{"line":157,"column":12},"end":{"line":157,"column":27}},"74":{"start":{"line":160,"column":4},"end":{"line":160,"column":44}},"75":{"start":{"line":169,"column":0},"end":{"line":186,"column":2}},"76":{"start":{"line":170,"column":4},"end":{"line":170,"column":67}},"77":{"start":{"line":171,"column":4},"end":{"line":175,"column":5}},"78":{"start":{"line":172,"column":8},"end":{"line":174,"column":11}},"79":{"start":{"line":173,"column":12},"end":{"line":173,"column":27}},"80":{"start":{"line":176,"column":4},"end":{"line":176,"column":53}},"81":{"start":{"line":177,"column":4},"end":{"line":177,"column":20}},"82":{"start":{"line":178,"column":4},"end":{"line":185,"column":7}},"83":{"start":{"line":179,"column":8},"end":{"line":184,"column":11}},"84":{"start":{"line":181,"column":12},"end":{"line":181,"column":29}},"85":{"start":{"line":183,"column":12},"end":{"line":183,"column":30}},"86":{"start":{"line":188,"column":0},"end":{"line":203,"column":2}},"87":{"start":{"line":189,"column":4},"end":{"line":189,"column":13}},"88":{"start":{"line":190,"column":4},"end":{"line":190,"column":21}},"89":{"start":{"line":191,"column":4},"end":{"line":191,"column":35}},"90":{"start":{"line":192,"column":4},"end":{"line":192,"column":42}},"91":{"start":{"line":193,"column":4},"end":{"line":197,"column":5}},"92":{"start":{"line":194,"column":8},"end":{"line":194,"column":30}},"93":{"start":{"line":196,"column":8},"end":{"line":196,"column":26}},"94":{"start":{"line":198,"column":4},"end":{"line":198,"column":30}},"95":{"start":{"line":199,"column":4},"end":{"line":201,"column":5}},"96":{"start":{"line":200,"column":8},"end":{"line":200,"column":43}},"97":{"start":{"line":202,"column":4},"end":{"line":202,"column":52}},"98":{"start":{"line":214,"column":0},"end":{"line":235,"column":2}},"99":{"start":{"line":215,"column":4},"end":{"line":215,"column":13}},"100":{"start":{"line":216,"column":4},"end":{"line":216,"column":21}},"101":{"start":{"line":217,"column":4},"end":{"line":217,"column":35}},"102":{"start":{"line":218,"column":4},"end":{"line":218,"column":30}},"103":{"start":{"line":219,"column":4},"end":{"line":232,"column":5}},"104":{"start":{"line":220,"column":8},"end":{"line":220,"column":37}},"105":{"start":{"line":221,"column":8},"end":{"line":221,"column":28}},"106":{"start":{"line":222,"column":8},"end":{"line":222,"column":33}},"107":{"start":{"line":223,"column":8},"end":{"line":231,"column":9}},"108":{"start":{"line":227,"column":12},"end":{"line":229,"column":15}},"109":{"start":{"line":228,"column":16},"end":{"line":228,"column":57}},"110":{"start":{"line":234,"column":4},"end":{"line":234,"column":43}},"111":{"start":{"line":242,"column":0},"end":{"line":261,"column":2}},"112":{"start":{"line":243,"column":4},"end":{"line":243,"column":13}},"113":{"start":{"line":244,"column":4},"end":{"line":244,"column":21}},"114":{"start":{"line":245,"column":4},"end":{"line":245,"column":35}},"115":{"start":{"line":246,"column":4},"end":{"line":246,"column":42}},"116":{"start":{"line":247,"column":4},"end":{"line":247,"column":30}},"117":{"start":{"line":248,"column":4},"end":{"line":253,"column":5}},"118":{"start":{"line":249,"column":8},"end":{"line":249,"column":64}},"119":{"start":{"line":250,"column":8},"end":{"line":252,"column":9}},"120":{"start":{"line":251,"column":12},"end":{"line":251,"column":48}},"121":{"start":{"line":256,"column":4},"end":{"line":260,"column":11}},"122":{"start":{"line":259,"column":12},"end":{"line":259,"column":20}},"123":{"start":{"line":292,"column":0},"end":{"line":292,"column":43}},"124":{"start":{"line":309,"column":0},"end":{"line":309,"column":53}},"125":{"start":{"line":327,"column":0},"end":{"line":327,"column":53}},"126":{"start":{"line":339,"column":0},"end":{"line":339,"column":54}},"127":{"start":{"line":341,"column":0},"end":{"line":341,"column":54}},"128":{"start":{"line":343,"column":0},"end":{"line":343,"column":53}},"129":{"start":{"line":349,"column":0},"end":{"line":371,"column":2}},"130":{"start":{"line":350,"column":4},"end":{"line":350,"column":33}},"131":{"start":{"line":351,"column":4},"end":{"line":369,"column":5}},"132":{"start":{"line":352,"column":8},"end":{"line":352,"column":35}},"133":{"start":{"line":353,"column":8},"end":{"line":353,"column":35}},"134":{"start":{"line":354,"column":8},"end":{"line":354,"column":24}},"135":{"start":{"line":355,"column":8},"end":{"line":355,"column":30}},"136":{"start":{"line":356,"column":8},"end":{"line":358,"column":9}},"137":{"start":{"line":357,"column":12},"end":{"line":357,"column":72}},"138":{"start":{"line":359,"column":8},"end":{"line":365,"column":9}},"139":{"start":{"line":360,"column":12},"end":{"line":360,"column":60}},"140":{"start":{"line":361,"column":15},"end":{"line":365,"column":9}},"141":{"start":{"line":362,"column":12},"end":{"line":362,"column":55}},"142":{"start":{"line":363,"column":15},"end":{"line":365,"column":9}},"143":{"start":{"line":364,"column":12},"end":{"line":364,"column":65}},"144":{"start":{"line":366,"column":8},"end":{"line":366,"column":31}},"145":{"start":{"line":367,"column":11},"end":{"line":369,"column":5}},"146":{"start":{"line":368,"column":8},"end":{"line":368,"column":30}},"147":{"start":{"line":370,"column":4},"end":{"line":370,"column":16}},"148":{"start":{"line":381,"column":0},"end":{"line":392,"column":2}},"149":{"start":{"line":382,"column":4},"end":{"line":382,"column":38}},"150":{"start":{"line":383,"column":4},"end":{"line":385,"column":5}},"151":{"start":{"line":384,"column":8},"end":{"line":384,"column":42}},"152":{"start":{"line":387,"column":4},"end":{"line":387,"column":22}},"153":{"start":{"line":388,"column":4},"end":{"line":388,"column":26}},"154":{"start":{"line":389,"column":4},"end":{"line":389,"column":53}},"155":{"start":{"line":390,"column":4},"end":{"line":390,"column":22}},"156":{"start":{"line":391,"column":4},"end":{"line":391,"column":31}},"157":{"start":{"line":399,"column":0},"end":{"line":408,"column":2}},"158":{"start":{"line":400,"column":4},"end":{"line":400,"column":61}},"159":{"start":{"line":401,"column":4},"end":{"line":403,"column":5}},"160":{"start":{"line":402,"column":8},"end":{"line":402,"column":79}},"161":{"start":{"line":404,"column":4},"end":{"line":406,"column":5}},"162":{"start":{"line":405,"column":8},"end":{"line":405,"column":39}},"163":{"start":{"line":407,"column":4},"end":{"line":407,"column":40}},"164":{"start":{"line":410,"column":0},"end":{"line":415,"column":2}},"165":{"start":{"line":411,"column":4},"end":{"line":413,"column":5}},"166":{"start":{"line":412,"column":8},"end":{"line":412,"column":107}},"167":{"start":{"line":414,"column":4},"end":{"line":414,"column":16}},"168":{"start":{"line":418,"column":0},"end":{"line":430,"column":2}},"169":{"start":{"line":419,"column":4},"end":{"line":419,"column":32}},"170":{"start":{"line":420,"column":4},"end":{"line":427,"column":5}},"171":{"start":{"line":421,"column":8},"end":{"line":421,"column":30}},"172":{"start":{"line":422,"column":8},"end":{"line":426,"column":9}},"173":{"start":{"line":423,"column":12},"end":{"line":423,"column":30}},"174":{"start":{"line":425,"column":12},"end":{"line":425,"column":31}},"175":{"start":{"line":428,"column":4},"end":{"line":428,"column":28}},"176":{"start":{"line":429,"column":4},"end":{"line":429,"column":17}},"177":{"start":{"line":438,"column":0},"end":{"line":449,"column":2}},"178":{"start":{"line":439,"column":4},"end":{"line":439,"column":47}},"179":{"start":{"line":440,"column":4},"end":{"line":444,"column":5}},"180":{"start":{"line":441,"column":8},"end":{"line":441,"column":88}},"181":{"start":{"line":442,"column":11},"end":{"line":444,"column":5}},"182":{"start":{"line":443,"column":8},"end":{"line":443,"column":47}},"183":{"start":{"line":445,"column":4},"end":{"line":445,"column":30}},"184":{"start":{"line":446,"column":4},"end":{"line":446,"column":63}},"185":{"start":{"line":448,"column":4},"end":{"line":448,"column":17}},"186":{"start":{"line":458,"column":0},"end":{"line":462,"column":2}},"187":{"start":{"line":459,"column":4},"end":{"line":459,"column":30}},"188":{"start":{"line":460,"column":4},"end":{"line":460,"column":71}},"189":{"start":{"line":461,"column":4},"end":{"line":461,"column":17}},"190":{"start":{"line":468,"column":0},"end":{"line":472,"column":2}},"191":{"start":{"line":469,"column":4},"end":{"line":471,"column":7}},"192":{"start":{"line":495,"column":0},"end":{"line":497,"column":2}},"193":{"start":{"line":496,"column":4},"end":{"line":496,"column":44}},"194":{"start":{"line":499,"column":0},"end":{"line":503,"column":2}},"195":{"start":{"line":500,"column":4},"end":{"line":502,"column":7}},"196":{"start":{"line":505,"column":0},"end":{"line":509,"column":2}},"197":{"start":{"line":506,"column":4},"end":{"line":508,"column":7}},"198":{"start":{"line":515,"column":0},"end":{"line":519,"column":2}},"199":{"start":{"line":516,"column":4},"end":{"line":518,"column":7}},"200":{"start":{"line":525,"column":0},"end":{"line":529,"column":2}},"201":{"start":{"line":526,"column":4},"end":{"line":528,"column":7}},"202":{"start":{"line":535,"column":0},"end":{"line":539,"column":2}},"203":{"start":{"line":536,"column":4},"end":{"line":538,"column":7}},"204":{"start":{"line":541,"column":0},"end":{"line":546,"column":2}},"205":{"start":{"line":542,"column":4},"end":{"line":545,"column":6}},"206":{"start":{"line":571,"column":0},"end":{"line":573,"column":2}},"207":{"start":{"line":572,"column":4},"end":{"line":572,"column":34}},"208":{"start":{"line":575,"column":0},"end":{"line":575,"column":64}},"209":{"start":{"line":576,"column":0},"end":{"line":576,"column":58}},"210":{"start":{"line":577,"column":0},"end":{"line":577,"column":62}},"211":{"start":{"line":579,"column":0},"end":{"line":579,"column":68}},"212":{"start":{"line":580,"column":0},"end":{"line":580,"column":68}},"213":{"start":{"line":582,"column":0},"end":{"line":582,"column":70}},"214":{"start":{"line":583,"column":0},"end":{"line":583,"column":71}},"215":{"start":{"line":584,"column":0},"end":{"line":584,"column":73}},"216":{"start":{"line":585,"column":0},"end":{"line":585,"column":72}},"217":{"start":{"line":587,"column":0},"end":{"line":587,"column":66}},"218":{"start":{"line":588,"column":0},"end":{"line":588,"column":67}},"219":{"start":{"line":589,"column":0},"end":{"line":589,"column":69}},"220":{"start":{"line":590,"column":0},"end":{"line":590,"column":68}},"221":{"start":{"line":592,"column":0},"end":{"line":592,"column":66}},"222":{"start":{"line":593,"column":0},"end":{"line":593,"column":67}},"223":{"start":{"line":594,"column":0},"end":{"line":594,"column":69}},"224":{"start":{"line":595,"column":0},"end":{"line":595,"column":68}},"225":{"start":{"line":597,"column":0},"end":{"line":597,"column":57}},"226":{"start":{"line":599,"column":0},"end":{"line":599,"column":89}},"227":{"start":{"line":600,"column":0},"end":{"line":600,"column":87}}},"branchMap":{"1":{"line":83,"type":"binary-expr","locations":[{"start":{"line":83,"column":18},"end":{"line":83,"column":19}},{"start":{"line":83,"column":23},"end":{"line":83,"column":25}}]},"2":{"line":84,"type":"binary-expr","locations":[{"start":{"line":84,"column":17},"end":{"line":84,"column":30}},{"start":{"line":84,"column":34},"end":{"line":84,"column":56}}]},"3":{"line":85,"type":"binary-expr","locations":[{"start":{"line":85,"column":17},"end":{"line":85,"column":29}},{"start":{"line":85,"column":33},"end":{"line":85,"column":46}},{"start":{"line":85,"column":50},"end":{"line":85,"column":52}}]},"4":{"line":86,"type":"binary-expr","locations":[{"start":{"line":86,"column":22},"end":{"line":86,"column":39}},{"start":{"line":86,"column":43},"end":{"line":86,"column":61}},{"start":{"line":86,"column":65},"end":{"line":86,"column":89}}]},"5":{"line":87,"type":"binary-expr","locations":[{"start":{"line":87,"column":19},"end":{"line":87,"column":33}},{"start":{"line":87,"column":37},"end":{"line":87,"column":52}}]},"6":{"line":88,"type":"binary-expr","locations":[{"start":{"line":88,"column":20},"end":{"line":88,"column":35}},{"start":{"line":88,"column":39},"end":{"line":88,"column":55}},{"start":{"line":88,"column":59},"end":{"line":88,"column":98}}]},"7":{"line":91,"type":"if","locations":[{"start":{"line":91,"column":4},"end":{"line":91,"column":4}},{"start":{"line":91,"column":4},"end":{"line":91,"column":4}}]},"8":{"line":94,"type":"binary-expr","locations":[{"start":{"line":94,"column":24},"end":{"line":94,"column":40}},{"start":{"line":94,"column":44},"end":{"line":94,"column":68}}]},"9":{"line":97,"type":"if","locations":[{"start":{"line":97,"column":4},"end":{"line":97,"column":4}},{"start":{"line":97,"column":4},"end":{"line":97,"column":4}}]},"10":{"line":100,"type":"binary-expr","locations":[{"start":{"line":100,"column":29},"end":{"line":100,"column":50}},{"start":{"line":100,"column":54},"end":{"line":100,"column":83}}]},"11":{"line":103,"type":"if","locations":[{"start":{"line":103,"column":4},"end":{"line":103,"column":4}},{"start":{"line":103,"column":4},"end":{"line":103,"column":4}}]},"12":{"line":103,"type":"binary-expr","locations":[{"start":{"line":103,"column":8},"end":{"line":103,"column":21}},{"start":{"line":103,"column":25},"end":{"line":103,"column":57}}]},"13":{"line":104,"type":"binary-expr","locations":[{"start":{"line":104,"column":22},"end":{"line":104,"column":35}},{"start":{"line":104,"column":39},"end":{"line":104,"column":53}}]},"14":{"line":107,"type":"if","locations":[{"start":{"line":107,"column":4},"end":{"line":107,"column":4}},{"start":{"line":107,"column":4},"end":{"line":107,"column":4}}]},"15":{"line":107,"type":"binary-expr","locations":[{"start":{"line":107,"column":8},"end":{"line":107,"column":28}},{"start":{"line":107,"column":32},"end":{"line":107,"column":71}}]},"16":{"line":108,"type":"binary-expr","locations":[{"start":{"line":108,"column":29},"end":{"line":108,"column":49}},{"start":{"line":108,"column":53},"end":{"line":108,"column":74}}]},"17":{"line":111,"type":"if","locations":[{"start":{"line":111,"column":4},"end":{"line":111,"column":4}},{"start":{"line":111,"column":4},"end":{"line":111,"column":4}}]},"18":{"line":113,"type":"if","locations":[{"start":{"line":113,"column":11},"end":{"line":113,"column":11}},{"start":{"line":113,"column":11},"end":{"line":113,"column":11}}]},"19":{"line":117,"type":"if","locations":[{"start":{"line":117,"column":4},"end":{"line":117,"column":4}},{"start":{"line":117,"column":4},"end":{"line":117,"column":4}}]},"20":{"line":155,"type":"if","locations":[{"start":{"line":155,"column":4},"end":{"line":155,"column":4}},{"start":{"line":155,"column":4},"end":{"line":155,"column":4}}]},"21":{"line":171,"type":"if","locations":[{"start":{"line":171,"column":4},"end":{"line":171,"column":4}},{"start":{"line":171,"column":4},"end":{"line":171,"column":4}}]},"22":{"line":193,"type":"if","locations":[{"start":{"line":193,"column":4},"end":{"line":193,"column":4}},{"start":{"line":193,"column":4},"end":{"line":193,"column":4}}]},"23":{"line":223,"type":"if","locations":[{"start":{"line":223,"column":8},"end":{"line":223,"column":8}},{"start":{"line":223,"column":8},"end":{"line":223,"column":8}}]},"24":{"line":223,"type":"binary-expr","locations":[{"start":{"line":223,"column":12},"end":{"line":223,"column":23}},{"start":{"line":223,"column":27},"end":{"line":223,"column":46}},{"start":{"line":224,"column":12},"end":{"line":224,"column":25}},{"start":{"line":224,"column":29},"end":{"line":224,"column":48}},{"start":{"line":224,"column":52},"end":{"line":224,"column":72}},{"start":{"line":225,"column":12},"end":{"line":225,"column":25}},{"start":{"line":225,"column":29},"end":{"line":225,"column":48}},{"start":{"line":225,"column":52},"end":{"line":225,"column":69}}]},"25":{"line":250,"type":"if","locations":[{"start":{"line":250,"column":8},"end":{"line":250,"column":8}},{"start":{"line":250,"column":8},"end":{"line":250,"column":8}}]},"26":{"line":351,"type":"if","locations":[{"start":{"line":351,"column":4},"end":{"line":351,"column":4}},{"start":{"line":351,"column":4},"end":{"line":351,"column":4}}]},"27":{"line":356,"type":"if","locations":[{"start":{"line":356,"column":8},"end":{"line":356,"column":8}},{"start":{"line":356,"column":8},"end":{"line":356,"column":8}}]},"28":{"line":359,"type":"if","locations":[{"start":{"line":359,"column":8},"end":{"line":359,"column":8}},{"start":{"line":359,"column":8},"end":{"line":359,"column":8}}]},"29":{"line":361,"type":"if","locations":[{"start":{"line":361,"column":15},"end":{"line":361,"column":15}},{"start":{"line":361,"column":15},"end":{"line":361,"column":15}}]},"30":{"line":363,"type":"if","locations":[{"start":{"line":363,"column":15},"end":{"line":363,"column":15}},{"start":{"line":363,"column":15},"end":{"line":363,"column":15}}]},"31":{"line":367,"type":"if","locations":[{"start":{"line":367,"column":11},"end":{"line":367,"column":11}},{"start":{"line":367,"column":11},"end":{"line":367,"column":11}}]},"32":{"line":383,"type":"if","locations":[{"start":{"line":383,"column":4},"end":{"line":383,"column":4}},{"start":{"line":383,"column":4},"end":{"line":383,"column":4}}]},"33":{"line":400,"type":"binary-expr","locations":[{"start":{"line":400,"column":15},"end":{"line":400,"column":22}},{"start":{"line":400,"column":26},"end":{"line":400,"column":54}},{"start":{"line":400,"column":58},"end":{"line":400,"column":60}}]},"34":{"line":401,"type":"if","locations":[{"start":{"line":401,"column":4},"end":{"line":401,"column":4}},{"start":{"line":401,"column":4},"end":{"line":401,"column":4}}]},"35":{"line":404,"type":"if","locations":[{"start":{"line":404,"column":4},"end":{"line":404,"column":4}},{"start":{"line":40
[...]
();","                }","            } else {","                onError(observer2);","            }","        }","    });","};","","function pluckJSON(env) {","    return env.json;","}",""],"l":{"1":2,"3":0,"4":0,"5":0,"7":0,"8":0,"9":0,"11":0,"12":0,"13":0,"15":0,"17":1,"18":0,"21":1,"22":0,"25":1,"26":0,"29":1,"31":0,"32":0,"33":0,"34":0,"36":0,"37":0,"38":0,"39":0,"40":0,"41":0,"43":0,"47":0,"48":0,"49":0,"51":0,"54":0,"60":1,"61":0}},"/home/travis/build/npmtest/node-npmtest-falcor/node_modules/falcor/lib/support/array-append.js":{"path":"/home/travis/build/npmtest/node-npmtest-falcor/node_modules/falcor/lib/support/array-append.js","s":{"1":1,"2":0,"3":0,"4":0,"5":0,"6":0,"7":0,"8":0},"b":{},"f":{"1":0},"fnMap":{"1":{"name":"arrayAppend","line":1,"loc":{"start":{"line":1,"column":17},"end":{"line":1,"column":52}}}},"statementMap":{"1":{"start":{"line":1,"column":0},"end":{"line":10,"column":2}},"2":{"start":{"line":2,"column":4},"end":{"line":2,"column":15}},"3":{"start":{"line":3,"column":4},"end":{"line":3,"column":25}},"4":{"start":{"line":4,"column":4},"end":{"line":4,"column":34}},"5":{"start":{"line":5,"column":4},"end":{"line":7,"column":5}},"6":{"start":{"line":6,"column":8},"end":{"line":6,"column":29}},"7":{"start":{"line":8,"column":4},"end":{"line":8,"column":22}},"8":{"start":{"line":9,"column":4},"end":{"line":9,"column":18}}},"branchMap":{},"code":["module.exports = function arrayAppend(array, value) {","    var i = -1;","    var n = array.length;","    var array2 = new Array(n + 1);","    while (++i < n) {","        array2[i] = array[i];","    }","    array2[i] = value;","    return array2;","};",""],"l":{"1":1,"2":0,"3":0,"4":0,"5":0,"6":0,"8":0,"9":0}},"/home/travis/build/npmtest/node-npmtest-falcor/node_modules/falcor/lib/support/array-concat.js":{"path":"/home/travis/build/npmtest/node-npmtest-falcor/node_modules/falcor/lib/support/array-concat.js","s":{"1":1,"2":0,"3":0,"4":0,"5":0,"6":0,"7":0,"8":0,"9":0,"10":0,"11":0,"12":0},"b":{"1":[0,0]},"f":{"1":0},"fnMap":{"1":{"name":"arrayConcat","line":1,"loc":{"start":{"line":1,"column":17},"end":{"line":1,"column":52}}}},"statementMap":{"1":{"start":{"line":1,"column":0},"end":{"line":17,"column":2}},"2":{"start":{"line":2,"column":4},"end":{"line":4,"column":5}},"3":{"start":{"line":3,"column":8},"end":{"line":3,"column":21}},"4":{"start":{"line":5,"column":4},"end":{"line":6,"column":15}},"5":{"start":{"line":7,"column":4},"end":{"line":7,"column":25}},"6":{"start":{"line":8,"column":4},"end":{"line":8,"column":25}},"7":{"start":{"line":9,"column":4},"end":{"line":9,"column":34}},"8":{"start":{"line":10,"column":4},"end":{"line":12,"column":5}},"9":{"start":{"line":11,"column":8},"end":{"line":11,"column":29}},"10":{"start":{"line":13,"column":4},"end":{"line":15,"column":5}},"11":{"start":{"line":14,"column":8},"end":{"line":14,"column":31}},"12":{"start":{"line":16,"column":4},"end":{"line":16,"column":18}}},"branchMap":{"1":{"line":2,"type":"if","locations":[{"start":{"line":2,"column":4},"end":{"line":2,"column":4}},{"start":{"line":2,"column":4},"end":{"line":2,"column":4}}]}},"code":["module.exports = function arrayConcat(array, other) {","    if (!array) {","        return other;","    }","    var i = -1,","        j = -1;","    var n = array.length;","    var m = other.length;","    var array2 = new Array(n + m);","    while (++i < n) {","        array2[i] = array[i];","    }","    while (++j < m) {","        array2[i++] = other[j];","    }","    return array2;","};",""],"l":{"1":1,"2":0,"3":0,"5":0,"7":0,"8":0,"9":0,"10":0,"11":0,"13":0,"14":0,"16":0}},"/home/travis/build/npmtest/node-npmtest-falcor/node_modules/falcor/lib/support/identity.js":{"path":"/home/travis/build/npmtest/node-npmtest-falcor/node_modules/falcor/lib/support/identity.js","s":{"1":1,"2":0},"b":{},"f":{"1":0},"fnMap":{"1":{"name":"identity","line":1,"loc":{"start":{"line":1,"column":17},"end":{"line":1,"column":38}}}},"statementMap":{"1":{"start":{"line":1,"column":0},"end":{"line":3,"column":2}},"2":{"start":{"line":2,"column":4},"end":{"line":2,"column":13}}},"branchMap":{},"code":["module.exports = function identity(x) {","    return x;","};",""],"l":{"1":1,"2":0}},"/home/travis/build/npmtest/node-npmtest-falcor/node_modules/falcor/lib/support/isPathInvalidation.js":{"path":"/home/travis/build/npmtest/node-npmtest-falcor/node_modules/falcor/lib/support/isPathInvalidation.js","s":{"1":1,"2":1,"3":0},"b":{"1":[0,0]},"f":{"1":0},"fnMap":{"1":{"name":"isPathInvalidation","line":3,"loc":{"start":{"line":3,"column":17},"end":{"line":3,"column":56}}}},"statementMap":{"1":{"start":{"line":1,"column":0},"end":{"line":1,"column":48}},"2":{"start":{"line":3,"column":0},"end":{"line":5,"column":2}},"3":{"start":{"line":4,"column":4},"end":{"line":4,"column":79}}},"branchMap":{"1":{"line":4,"type":"binary-expr","locations":[{"start":{"line":4,"column":11},"end":{"line":4,"column":30}},{"start":{"line":4,"column":35},"end":{"line":4,"column":77}}]}},"code":["var isObject = require(\"./../support/isObject\");","","module.exports = function isPathInvalidation(pathValue) {","    return isObject(pathValue) && (typeof pathValue.invalidated === \"boolean\");","};",""],"l":{"1":1,"3":1,"4":0}},"/home/travis/build/npmtest/node-npmtest-falcor/node_modules/falcor/lib/typedefs/Atom.js":{"path":"/home/travis/build/npmtest/node-npmtest-falcor/node_modules/falcor/lib/typedefs/Atom.js","s":{},"b":{},"f":{},"fnMap":{},"statementMap":{},"branchMap":{},"code":["/**"," * An atom allows you to treat a JSON value as atomic regardless of its type, ensuring that a JSON object or array is always returned in its entirety. The JSON value must be treated as immutable. Atoms can also be used to associate metadata with a JSON value. This metadata can be used to influence the way values are handled."," * @typedef {Object} Atom"," * @property {!String} $type - the $type must be \"atom\""," * @property {!*} value - the immutable JSON value"," * @property {number} [$expires] - the time to expire in milliseconds"," *  - positive number: expires in milliseconds since epoch"," *  - negative number: expires relative to when the Atom is merged into the JSONGraph"," *  - number 1: never expires"," * @example"," // Atom with number value, expiring in 2 seconds"," {","    $type: \"atom\",","    value: 5","    $expires: -2000"," }"," // Atom with Object value that never expires"," {","    $type: \"atom\",","    value: {","        foo: 5,","        bar: \"baz\"","    },","    $expires: 1"," }"," */",""],"l":{}},"/home/travis/build/npmtest/node-npmtest-falcor/node_modules/falcor/lib/typedefs/DataSource.js":{"path":"/home/travis/build/npmtest/node-npmtest-falcor/node_modules/falcor/lib/typedefs/DataSource.js","s":{},"b":{},"f":{},"fnMap":{},"statementMap":{},"branchMap":{},"code":["/**"," * A DataSource is an interface which can be implemented to expose JSON Graph information to a Model. Every DataSource is associated with a single JSON Graph object. Models execute JSON Graph operations (get, set, and call) to retrieve values from the DataSource’s JSON Graph object. DataSources may retrieve JSON Graph information from anywhere, including device memory, a remote machine, or even a lazily-run computation."," * @constructor DataSource"," * @abstract","*/","","","/**"," * The get method retrieves values from the DataSource's associated JSONGraph object."," * @name get"," * @function"," * @arg {Array.<PathSet>} pathSets the path(s) to retrieve"," * @returns {Observable.<JSONGraphEnvelope>} jsonGraphEnvelope the response returned from the server."," * @memberof DataSource.prototype","*/","","/**"," * The set method accepts values to set in the DataSource's associated JSONGraph object."," * @name set"," * @function"," * @arg {JSONGraphEnvelope} jsonGraphEnvelope a JSONGraphEnvelope containing values to set in the DataSource's associated JSONGraph object."," * @returns {Observable.<JSONGraphEnvelope>} a JSONGraphEnvelope containing all of the requested values after the set operation."," * @memberof DataSource.prototype","*/","","/**"," * Invokes a function in the DataSource's JSONGraph object."," * @name call"," * @function"," * @arg {Path} functionPath the path to the function to invoke"," * @arg {Array.<Object>} args the arguments to pass to the function"," * @arg {Array.<PathSet>} refSuffixes paths to retrieve from the targets of JSONGraph References in the function's response."," * @arg {Array.<PathSet>} thisPaths paths to retrieve from function's this object after successful function execution"," * @returns {Observable.<JSONGraphEnvelope>} jsonGraphEnvelope the response returned from the server."," * @memberof DataSource.prototype","*/",""],"l":{}},"/home/travis/build/npmtest/node-npmtest-falcor/node_modules/falcor/lib/typedefs/JSONEnvelope.js":{"path":"/home/travis/build/npmtest/node-npmtest-falcor/node_modules/falcor/lib/typedefs/JSONEnvelope.js","s":{},"b":{},"f":{},"fnMap":{},"statementMap":{},"branchMap":{},"code":["/**"," * An envelope that wraps a JSON object."," * @typedef {Object} JSONEnvelope"," * @property {JSON} json - a JSON object"," * @example"," var model = new falcor.Model();"," model.set({","    json: {","      name: \"Steve\",","      surname: \"McGuire\"","    }"," }).then(function(jsonEnvelope) {","    console.log(jsonEnvelope);"," });"," */",""],"l":{}},"/home/travis/build/npmtest/node-npmtest-falcor/node_modules/falcor/lib/typedefs/JSONGraphEnvelope.js":{"path":"/home/travis/build/npmtest/node-npmtest-falcor/node_modules/falcor/lib/typedefs/JSONGraphEnvelope.js","s":{},"b":{},"f":{},"fnMap":{},"statementMap":{},"branchMap":{},"code":["/**"," * An envelope that wraps a {@link JSONGraph} fragment."," * @typedef {Object} JSONGraphEnvelope"," * @property {JSONGraph} jsonGraph - a {@link JSONGraph} fragment"," * @property {?Array.<PathSet>} paths - the paths to the values in the {@link JSONGraph} fragment"," * @property {?Array.<PathSet>} invalidated - the paths to invalidate in the {@link Model}"," * @example","var $ref = falcor.ref;","var model = new falcor.Model();","model.set({","  paths: [","    [\"todos\", [12,15], [\"name\",\"done\"]]","  ],","  jsonGraph: {","    todos: [","      $ref(\"todosById[12]\"),","      $ref(\"todosById[15]\")","    ],","    todosById: {","      12: {","        name: \"go to the ATM\",","        done: false","      },","      15: {","        name: \"buy milk\",","        done: false","      }","    }","  },","}).then(function(jsonEnvelope) {","  console.log(JSON.stringify(jsonEnvelope, null, 4));","});","","// prints...","// {","//   json: {","//     todos: {","//       0: {","//         name: \"go to the ATM\",","//         done: false","//       },","//       1: {","//         name: \"buy milk\",","//         done: false","//       }","//     }","//   }","// }"," */",""],"l":{}},"/home/travis/build/npmtest/node-npmtest-falcor/node_modules/falcor/lib/typedefs/JSONGraph.js":{"path":"/home/travis/build/npmtest/node-npmtest-falcor/node_modules/falcor/lib/typedefs/JSONGraph.js","s":{},"b":{},"f":{},"fnMap":{},"statementMap":{},"branchMap":{},"code":["/**"," * JavaScript Object Notation Graph (JSONGraph) is a notation for expressing graphs in JSON. For more information, see the [JSONGraph Guide]{@link http://netflix.github.io/falcor/documentation/jsongraph.html}."," * @typedef {Object} JSONGraph"," * @example"," var $ref = falcor.ref;"," // JSONGraph model modeling a list of film genres, each of which contains the same title."," {","    // list of user's genres, modeled as a map with ordinal keys","    \"genreLists\": {","        \"0\": $ref('genresById[123]'),","        \"1\": $ref('genresById[522]'),","        \"length\": 2","    },","    // map of all genres, organized by ID","    \"genresById\": {","        // genre list modeled as map with ordinal keys","        \"123\": {","            \"name\": \"Drama\",","            \"0\": $ref('titlesById[23]'),","            \"1\": $ref('titlesById[99]'),","            \"length\": 2","        },","        // genre list modeled as map with ordinal keys","        \"522\": {","            \"name\": \"Comedy\",","            \"0\": $ref('titlesById[23]'),","            \"1\": $ref('titlesById[44]'),","            \"length\": 2","        }","    },","    // map of all titles, organized by ID","    \"titlesById\": {","       \"99\": {","            \"name\": \"House of Cards\",","            \"rating\": 5","        },","        \"23\": {","            \"name\": \"Orange is the New Black\",","            \"rating\": 5","        },","        \"44\": {","            \"name\": \"Arrested Development\",","            \"rating\": 5","        }","    }","}","*/",""],"l":{}},"/home/travis/build/npmtest/node-npmtest-falcor/node_modules/falcor/lib/typedefs/Key.js":{"path":"/home/travis/build/npmtest/node-npmtest-falcor/node_modules/falcor/lib/typedefs/Key.js","s":{},"b":{},"f":{},"fnMap":{},"statementMap":{},"branchMap":{},"code":["/**"," * A part of a {@link Path} that can be any JSON value type. All types are coerced to string, except null. This makes the number 1 and the string \"1\" equivalent."," * @typedef {?(string|number|boolean|null)} Key"," */",""],"l":{}},"/home/travis/build/npmtest/node-npmtest-falcor/node_modules/falcor/lib/typedefs/KeySet.js":{"path":"/home/travis/build/npmtest/node-npmtest-falcor/node_modules/falcor/lib/typedefs/KeySet.js","s":{},"b":{},"f":{},"fnMap":{},"statementMap":{},"branchMap":{},"code":["/**"," * A part of a {@link PathSet} that can be either a {@link Key}, {@link Range}, or Array of either."," * @typedef {(Key|Range|Array.<(Key|Range)>)} KeySet"," */",""],"l":{}},"/home/travis/build/npmtest/node-npmtest-falcor/node_modules/falcor/lib/typedefs/Observable.js":{"path":"/home/travis/build/npmtest/node-npmtest-falcor/node_modules/falcor/lib/typedefs/Observable.js","s":{},"b":{},"f":{},"fnMap":{},"statementMap":{},"branchMap":{},"code":["","/**"," * @constructor Observable"," */",""," /**"," * The forEach method is a synonym for {@link Observable.prototype.subscribe} and triggers the execution of the Observable, causing the values within to be pushed to a callback. An Observable is like a pipe of water that is closed. When forEach is called, we open the valve and the values within are pushed at us.  These values can be received using either callbacks or an {@link Observer} object."," * @name forEach"," * @memberof Observable.prototype"," * @function"," * @arg {?Observable~onNextCallback} onNext a callback that accepts the next value in the stream of values"," * @arg {?Observable~onErrorCallback} onError a callback that accepts an error that occurred while evaluating the operation underlying the {@link Observable} stream"," * @arg {?Observable~onCompletedCallback} onCompleted a callback that is invoked when the {@link Observable} stream has ended, and the {@link Observable~onNextCallback} will not receive any more values"," * @return {Subscription}"," */",""," /**"," * The subscribe method is a synonym for {@link Observable.prototype.forEach} and triggers the execution of the Observable, causing the values within to be pushed to a callback. An Observable is like a pipe of water that is closed. When forEach is called, we open the valve and the values within are pushed at us.  These values can be received using either callbacks or an {@link Observer} object."," * @name forEach"," * @memberof Observable.prototype"," * @function"," * @arg {?Observable~onNextCallback} onNext a callback that accepts the next value in the stream of values"," * @arg {?Observable~onErrorCallback} onError a callback that accepts an error that occurred while evaluating the operation underlying the {@link Observable} stream"," * @arg {?Observable~onCompletedCallback} onCompleted a callback that is invoked when the {@link Observable} stream has ended, and the {@link Observable~onNextCallback} will not receive any more values"," * @return {Subscription}"," */","","/**"," * This callback accepts a value that was emitted while evaluating the operation underlying the {@link Observable} stream."," * @callback Observable~onNextCallback"," * @param {Object} value the value that was emitted while evaluating the operation underlying the {@link Observable}"," */","","/**"," * This callback accepts an error that occurred while evaluating the operation underlying the {@link Observable} stream. When this callback is invoked, the {@link Observable} stream ends and no more values will be received by the {@link Observable~onNextCallback}."," * @callback Observable~onErrorCallback"," * @param {Error} error the error that occurred while evaluating the operation underlying the {@link Observable}"," */",""," /**"," * This callback is invoked when the {@link Observable} stream ends. When this callback is invoked the {@link Observable} stream has ended, and therefore the {@link Observable~onNextCallback} will not receive any more values."," * @callback Observable~onCompletedCallback"," */","","/**"," * @constructor Subscription"," * @see {@link https://github.com/Reactive-Extensions/RxJS/tree/master/doc}"," */","","/**"," * When this method is called on the Subscription, the Observable that created the Subscription will stop sending values to the callbacks passed when the Subscription was created."," * @name dispose"," * @method"," * @memberof Subscription.prototype"," */",""],"l":{}},"/home/travis/build/npmtest/node-npmtest-falcor/node_modules/falcor/lib/typedefs/Path.js":{"path":"/home/travis/build/npmtest/node-npmtest-falcor/node_modules/falcor/lib/typedefs/Path.js","s":{},"b":{},"f":{},"fnMap":{},"statementMap":{},"branchMap":{},"code":["/**"," * An ordered list of {@link Key}s that point to a value in a {@link JSONGraph}."," * @typedef {Array.<Key>} Path"," * @example"," // Points to the name of product 1234"," [\"productsById\", \"1234\", \"name\"]"," */",""],"l":{}},"/home/travis/build/npmtest/node-npmtest-falcor/node_modules/falcor/lib/typedefs/PathSet.js":{"path":"/home/travis/build/npmtest/node-npmtest-falcor/node_modules/falcor/lib/typedefs/PathSet.js","s":{},"b":{},"f":{},"fnMap":{},"statementMap":{},"branchMap":{},"code":["/**"," * An ordered list of {@link KeySet}s that point to location(s) in the {@link JSONGraph}. It enables pointing to multiple locations in a more terse format than a set of {@link Path}s and is generally more efficient to evaluate."," * @typedef {Array.<KeySet>} PathSet"," * @example"," // Points to the name and price of products 1234 and 5678"," [\"productsById\", [\"1234\", \"5678\"], [\"name\", \"price\"]]"," */",""],"l":{}},"/home/travis/build/npmtest/node-npmtest-falcor/node_modules/falcor/lib/typedefs/PathValue.js":{"path":"/home/travis/build/npmtest/node-npmtest-falcor/node_modules/falcor/lib/typedefs/PathValue.js","s":{},"b":{},"f":{},"fnMap":{},"statementMap":{},"branchMap":{},"code":["/**"," * A wrapper around a path and its value."," * @typedef {Object} PathValue"," * @property {PathSet} path - the path to a location in the {@link JSONGraph}"," * @property {?*} value - the value of that path"," * @example"," {","\tpath: [\"productsById\", \"1234\", \"name\"],","\tvalue: \"ABC\""," }"," */",""],"l":{}},"/home/travis/build/npmtest/node-npmtest-falcor/node_modules/falcor/lib/typedefs/Range.js":{"path":"/home/travis/build/npmtest/node-npmtest-falcor/node_modules/falcor/lib/typedefs/Range.js","s":{},"b":{},"f":{},"fnMap":{},"statementMap":{},"branchMap":{},"code":["/**"," * Describe a range of integers. Must contain either a \"to\" or \"length\" property."," * @typedef {Object} Range"," * @property {number} [from=0] - the lower bound of the range (inclusive)"," * @property {?number} to - the upper bound of the range (inclusive). Must be >= to the \"from\" value"," * @property {?number} length - the length of the range. Must be >= 0"," * @example"," // The following range specifies the numbers 0, 1, and 2"," {from: 0, to: 2}"," // The following range specifies the numbers 1 and 2"," {from: 1, length: 2}"," */",""],"l":{}}}